###############################################################################
Welcome to Qcalc version 5.01
 
Qcalc works in three stages:
1. Load topology.
2. Set up a list of calculations to make.
3. Read coordinates from trajectory and/or restart files and calculate.
--> Topology file: Loading topology tmc.top
---------------------------- Reading topology file ---------------------------
lig                                                                             

No. of solute atoms     =       6484
No. of solvent atoms    =        333
No. of coordinates      =      20451
No. of atom type codes  =       6817
No. of solute bonds     =       6570
No. of solvent bonds    =        333
No. of solute angles    =      11847
No. of solvent angles   =        111
No. of solute torsions  =      24414
No. of solvent torsions =          0
No. of solute impropers =       1292
No. of solvent impropers=          0
No. of atomic charges   =       6817
No. of solute chargegrps=          0
No. of solvent chargegps=          0
Charge group cut-off    : Switching atoms
vdW  rule [ 1=G / 2=A ] =          1
El-static 1-4 damping   =      0.500
Coulomb constant        =   332.0000
No. of atom types       =         40
No. of LJ type 2 pairs  =          0
No. of heavy atoms      =       3372
No. of 1-4 neighbours   =      17330
No. long-range 1-4 nbrs =         46
No. of nbor exclusions  =      18846
No. of long-range excls =         15
No. of residues         =        518
No of solute residues   =        407
No. of molecules        =        114
Atom type names         =         40
SYBYL atom types        =         40
Boundary: sphere
Exclusion radius        =     10.000
Eff. solvent radius     =      0.010
Solute centre           =      0.000     0.000     0.000
Solvent centre          =     46.508    44.528    14.647
No. of excluded atoms   =       6817
Molecular topology read successfully.

========================== List of calculation types =========================
   description                             command
 1 RMS coord. deviation                    rmsd          
 2 Least squares fit                       fit           
 3 Distance, bond energy                   dist          
 4 Angle, angle energy                     angle         
 5 Torsion, torsion energy                 torsion       
 6 Entropy [Schlitters formula]            entropy       
 7 Nonbonded monitor                       nonbond       
 8 Residue nonbond monitor                 nb_prot_qatom 
 9 ChemScore                               chemscore     
10 X-Score                                 xscore        
11 PMF-Score                               pmfscore      
   Show list of calculations+menu          list
   Proceed to next phase                   go
Qcalc> Mask:Added 6484 atoms to the mask which now contains 6484 atoms.
Mask:Score initial topology? (yes/no)Q-atom (FEP) file: Cofactor (. or EOL terminates): Cofactor (. or EOL terminates): FF translation key: Scroring parameters: Added calc. # 1: X-Score calculation using   6817 atoms                      
Qcalc> Read   27 residue types from /ibg/courses/1MB280/workshop2005/Q5/residue_def_xtool.dat
Read   55 atom types from /ibg/courses/1MB280/workshop2005/Q5/atom_def_xtool.dat
Read  112 x-atom types from /ibg/courses/1MB280/workshop2005/Q5/atom_def_xlogp.dat
Read   84 atom translations for force field qoplsaa.
Read   35 residues from library.
----------------------------- Reading Q atom list ----------------------------
No. of fep/evb states    =     1
No. of fep/evb atoms     =    29
Atom nos.:  6456  6457  6458  6459  6460  6461  6462  6463  6464  6465
Atom nos.:  6466  6467  6468  6469  6470  6471  6472  6473  6474  6475
Atom nos.:  6476  6477  6478  6479  6480  6481  6482  6483  6484
Translated   29 atoms and   29 bonds to ligand
Molecule: lig
MW =   154.100
Number of HB atoms =     1
Number of rotors    =     0
LogP    =   2.86
Total number of atoms in this molecule =    29
id  vld.  type   xtype    type2   res r_id  name   weight  r   eps  q  XR logp solv hb  occ. bfct  ring origin part #neib #nonh  neib[0..6]                  bond[0..6]                  hb root[0..2]

   1 1    C.2    C.2      CT      TMC 407          12.01   1.9 0.0 0.0 1.9 0.1 0.0  H    1.0 0.0   1    1      1    4     2         2   6  17  16   0   0   0   1  15   3   2   0   0   0 0.0  0.0  0.0
   2 1    C.2    C.2.x    Cket    TMC 407          12.01   1.9 0.0 0.0 1.9 0.0 0.0  P    1.0 0.0   1    1      1    3     3        11   3   1   0   0   0   0   5   4   1   0   0   0   0 0.0  0.0  0.0
   3 1    C.2    C.2      CT      TMC 407          12.01   1.9 0.0 0.0 1.9 0.1 0.0  H    1.0 0.0   1    1      1    4     2         2   4  12  13   0   0   0   4   6   7   8   0   0   0 0.0  0.0  0.0
   4 1    C.2    C.2      CT      TMC 407          12.01   1.9 0.0 0.0 1.9 0.1 0.0  H    1.0 0.0   1    1      1    4     4         3   5   7   8   0   0   0   6   9  10  11   0   0   0 0.0  0.0  0.0
   5 1    C.2    C.2      CT      TMC 407          12.01   1.9 0.0 0.0 1.9 0.1 0.0  H    1.0 0.0   1    1      1    4     2         4   6  14  15   0   0   0   9  12  13  14   0   0   0 0.0  0.0  0.0
   6 1    C.2    C.2      CT      TMC 407          12.01   1.9 0.0 0.0 1.9 0.1 0.0  H    1.0 0.0   1    1      1    4     4         5   1   9  10   0   0   0  12  15  16  17   0   0   0 0.0  0.0  0.0
   7 1    C.2    C.2      CT      TMC 407          12.01   1.9 0.0 0.0 1.9 0.4 0.0  H    1.0 0.0   0    1      1    4     1         4  18  19  20   0   0   0  10  18  19  20   0   0   0 0.0  0.0  0.0
   8 1    C.2    C.2      CT      TMC 407          12.01   1.9 0.0 0.0 1.9 0.4 0.0  H    1.0 0.0   0    1      1    4     1         4  21  22  23   0   0   0  11  21  22  23   0   0   0 0.0  0.0  0.0
   9 1    C.2    C.2      CT      TMC 407          12.01   1.9 0.0 0.0 1.9 0.4 0.0  H    1.0 0.0   0    1      1    4     1         6  24  25  26   0   0   0  16  24  25  26   0   0   0 0.0  0.0  0.0
  10 1    C.2    C.2      CT      TMC 407          12.01   1.9 0.0 0.0 1.9 0.4 0.0  H    1.0 0.0   0    1      1    4     1         6  27  28  29   0   0   0  17  27  28  29   0   0   0 0.0  0.0  0.0
  11 1    O.2    O.2      O       TMC 407          16.00   1.5 0.0 0.0 1.5-0.4 0.0  A    1.0 0.0   0    1      1    1     1         2   0   0   0   0   0   0   5   0   0   0   0   0   044.9 44.5 14.6
  12 1    H      H        HC      TMC 407           1.00   1.0 0.0 0.0 1.0 0.0 0.0  N    1.0 0.0   0    1      1    1     1         3   0   0   0   0   0   0   7   0   0   0   0   0   0 0.0  0.0  0.0
  13 1    H      H        HC      TMC 407           1.00   1.0 0.0 0.0 1.0 0.0 0.0  N    1.0 0.0   0    1      1    1     1         3   0   0   0   0   0   0   8   0   0   0   0   0   0 0.0  0.0  0.0
  14 1    H      H        HC      TMC 407           1.00   1.0 0.0 0.0 1.0 0.0 0.0  N    1.0 0.0   0    1      1    1     1         5   0   0   0   0   0   0  13   0   0   0   0   0   0 0.0  0.0  0.0
  15 1    H      H        HC      TMC 407           1.00   1.0 0.0 0.0 1.0 0.0 0.0  N    1.0 0.0   0    1      1    1     1         5   0   0   0   0   0   0  14   0   0   0   0   0   0 0.0  0.0  0.0
  16 1    H      H        HC      TMC 407           1.00   1.0 0.0 0.0 1.0 0.0 0.0  N    1.0 0.0   0    1      1    1     1         1   0   0   0   0   0   0   2   0   0   0   0   0   0 0.0  0.0  0.0
  17 1    H      H        HC      TMC 407           1.00   1.0 0.0 0.0 1.0 0.0 0.0  N    1.0 0.0   0    1      1    1     1         1   0   0   0   0   0   0   3   0   0   0   0   0   0 0.0  0.0  0.0
  18 1    H      H        HC      TMC 407           1.00   1.0 0.0 0.0 1.0 0.0 0.0  N    1.0 0.0   0    1      1    1     1         7   0   0   0   0   0   0  18   0   0   0   0   0   0 0.0  0.0  0.0
  19 1    H      H        HC      TMC 407           1.00   1.0 0.0 0.0 1.0 0.0 0.0  N    1.0 0.0   0    1      1    1     1         7   0   0   0   0   0   0  19   0   0   0   0   0   0 0.0  0.0  0.0
  20 1    H      H        HC      TMC 407           1.00   1.0 0.0 0.0 1.0 0.0 0.0  N    1.0 0.0   0    1      1    1     1         7   0   0   0   0   0   0  20   0   0   0   0   0   0 0.0  0.0  0.0
  21 1    H      H        HC      TMC 407           1.00   1.0 0.0 0.0 1.0 0.0 0.0  N    1.0 0.0   0    1      1    1     1         8   0   0   0   0   0   0  21   0   0   0   0   0   0 0.0  0.0  0.0
  22 1    H      H        HC      TMC 407           1.00   1.0 0.0 0.0 1.0 0.0 0.0  N    1.0 0.0   0    1      1    1     1         8   0   0   0   0   0   0  22   0   0   0   0   0   0 0.0  0.0  0.0
  23 1    H      H        HC      TMC 407           1.00   1.0 0.0 0.0 1.0 0.0 0.0  N    1.0 0.0   0    1      1    1     1         8   0   0   0   0   0   0  23   0   0   0   0   0   0 0.0  0.0  0.0
  24 1    H      H        HC      TMC 407           1.00   1.0 0.0 0.0 1.0 0.0 0.0  N    1.0 0.0   0    1      1    1     1         9   0   0   0   0   0   0  24   0   0   0   0   0   0 0.0  0.0  0.0
  25 1    H      H        HC      TMC 407           1.00   1.0 0.0 0.0 1.0 0.0 0.0  N    1.0 0.0   0    1      1    1     1         9   0   0   0   0   0   0  25   0   0   0   0   0   0 0.0  0.0  0.0
  26 1    H      H        HC      TMC 407           1.00   1.0 0.0 0.0 1.0 0.0 0.0  N    1.0 0.0   0    1      1    1     1         9   0   0   0   0   0   0  26   0   0   0   0   0   0 0.0  0.0  0.0
  27 1    H      H        HC      TMC 407           1.00   1.0 0.0 0.0 1.0 0.0 0.0  N    1.0 0.0   0    1      1    1     1        10   0   0   0   0   0   0  27   0   0   0   0   0   0 0.0  0.0  0.0
  28 1    H      H        HC      TMC 407           1.00   1.0 0.0 0.0 1.0 0.0 0.0  N    1.0 0.0   0    1      1    1     1        10   0   0   0   0   0   0  28   0   0   0   0   0   0 0.0  0.0  0.0
  29 1    H      H        HC      TMC 407           1.00   1.0 0.0 0.0 1.0 0.0 0.0  N    1.0 0.0   0    1      1    1     1        10   0   0   0   0   0   0  29   0   0   0   0   0   0 0.0  0.0  0.0
Total number of bonds in this molecule =     29
id      valid  atom_1 atom_2  type  ring  part  num_neib  neib[0:5]
   1        1     1      2    1        1     1     5         2    3    4    5   15    0
   2        1     1     16    1        0     1     3         1    3   15    0    0    0
   3        1     1     17    1        0     1     3         1    2   15    0    0    0
   4        1     2      3    1        1     1     5         1    5    6    7    8    0
   5        1     2     11    ar       0     1     2         1    4    0    0    0    0
   6        1     3      4    1        1     1     6         4    7    8    9   10   11
   7        1     3     12    1        0     1     3         4    6    8    0    0    0
   8        1     3     13    1        0     1     3         4    6    7    0    0    0
   9        1     4      5    1        1     1     6         6   10   11   12   13   14
  10        1     4      7    1        0     1     6         6    9   11   18   19   20
  11        1     4      8    1        0     1     6         6    9   10   21   22   23
  12        1     5      6    1        1     1     6         9   13   14   15   16   17
  13        1     5     14    1        0     1     3         9   12   14    0    0    0
  14        1     5     15    1        0     1     3         9   12   13    0    0    0
  15        1     6      1    1        1     1     6         1    2    3   12   16   17
  16        1     6      9    1        0     1     6        12   15   17   24   25   26
  17        1     6     10    1        0     1     6        12   15   16   27   28   29
  18        1     7     18    1        0     1     3        10   19   20    0    0    0
  19        1     7     19    1        0     1     3        10   18   20    0    0    0
  20        1     7     20    1        0     1     3        10   18   19    0    0    0
  21        1     8     21    1        0     1     3        11   22   23    0    0    0
  22        1     8     22    1        0     1     3        11   21   23    0    0    0
  23        1     8     23    1        0     1     3        11   21   22    0    0    0
  24        1     9     24    1        0     1     3        16   25   26    0    0    0
  25        1     9     25    1        0     1     3        16   24   26    0    0    0
  26        1     9     26    1        0     1     3        16   24   25    0    0    0
  27        1    10     27    1        0     1     3        17   28   29    0    0    0
  28        1    10     28    1        0     1     3        17   27   29    0    0    0
  29        1    10     29    1        0     1     3        17   27   28    0    0    0
Total number of aromatic rings in this molecule =    0
Translated  6455 atoms and  6541 bonds to protein
WARNING: No parameters for protein atom HE1 in residue nr. 11 (GLU/GLU). This atom is ignored.
WARNING: No parameters for protein atom HD1 in residue nr. 16 (ASP/ASP). This atom is ignored.
WARNING: No parameters for protein atom HD1 in residue nr. 18 (ASP/ASP). This atom is ignored.
WARNING: No parameters for protein atom HE1 in residue nr. 31 (GLU/GLU). This atom is ignored.
WARNING: No parameters for protein atom HE1 in residue nr. 38 (GLU/GLU). This atom is ignored.
WARNING: No parameters for protein atom HD1 in residue nr. 43 (ASP/ASP). This atom is ignored.
WARNING: No parameters for protein atom HE1 in residue nr. 64 (GLU/GLU). This atom is ignored.
WARNING: No parameters for protein atom HE1 in residue nr. 67 (GLU/GLU). This atom is ignored.
WARNING: No parameters for protein atom HD1 in residue nr. 68 (ASP/ASP). This atom is ignored.
WARNING: No parameters for protein atom HE1 in residue nr. 75 (GLU/GLU). This atom is ignored.
WARNING: No parameters for protein atom HE1 in residue nr. 82 (GLU/GLU). This atom is ignored.
WARNING: No parameters for protein atom HE1 in residue nr. 85 (GLU/GLU). This atom is ignored.
WARNING: No parameters for protein atom HD1 in residue nr. 95 (ASP/ASP). This atom is ignored.
WARNING: No parameters for protein atom HE1 in residue nr. 98 (GLU/GLU). This atom is ignored.
WARNING: No parameters for protein atom HD1 in residue nr. 116 (ASP/ASP). This atom is ignored.
WARNING: No parameters for protein atom HE1 in residue nr. 119 (GLU/GLU). This atom is ignored.
WARNING: No parameters for protein atom HE1 in residue nr. 124 (GLU/GLU). This atom is ignored.
WARNING: No parameters for protein atom HE1 in residue nr. 131 (GLU/GLU). This atom is ignored.
WARNING: No parameters for protein atom HE1 in residue nr. 143 (GLU/GLU). This atom is ignored.
WARNING: No parameters for protein atom HD1 in residue nr. 144 (ASP/ASP). This atom is ignored.
WARNING: No parameters for protein atom HE1 in residue nr. 147 (GLU/GLU). This atom is ignored.
WARNING: No parameters for protein atom HE1 in residue nr. 162 (GLU/GLU). This atom is ignored.
WARNING: No parameters for protein atom HE1 in residue nr. 163 (GLU/GLU). This atom is ignored.
WARNING: No parameters for protein atom HD1 in residue nr. 164 (ASP/ASP). This atom is ignored.
WARNING: No parameters for protein atom HD1 in residue nr. 179 (ASP/ASP). This atom is ignored.
WARNING: No parameters for protein atom HE1 in residue nr. 186 (GLU/GLU). This atom is ignored.
WARNING: No parameters for protein atom HE1 in residue nr. 189 (GLU/GLU). This atom is ignored.
WARNING: No parameters for protein atom HD1 in residue nr. 193 (ASP/ASP). This atom is ignored.
WARNING: No parameters for protein atom HE1 in residue nr. 200 (GLU/GLU). This atom is ignored.
WARNING: No parameters for protein atom HD1 in residue nr. 209 (ASP/ASP). This atom is ignored.
WARNING: No parameters for protein atom HD1 in residue nr. 227 (ASP/ASP). This atom is ignored.
WARNING: No parameters for protein atom HE1 in residue nr. 228 (GLU/GLU). This atom is ignored.
WARNING: No parameters for protein atom HE1 in residue nr. 253 (GLU/GLU). This atom is ignored.
WARNING: No parameters for protein atom HE1 in residue nr. 260 (GLU/GLU). This atom is ignored.
WARNING: No parameters for protein atom HE1 in residue nr. 264 (GLU/GLU). This atom is ignored.
WARNING: No parameters for protein atom HE1 in residue nr. 267 (GLU/GLU). This atom is ignored.
WARNING: No parameters for protein atom HE1 in residue nr. 270 (GLU/GLU). This atom is ignored.
WARNING: No parameters for protein atom HE1 in residue nr. 277 (GLU/GLU). This atom is ignored.
WARNING: No parameters for protein atom HE1 in residue nr. 278 (GLU/GLU). This atom is ignored.
WARNING: No parameters for protein atom HD1 in residue nr. 288 (ASP/ASP). This atom is ignored.
WARNING: No parameters for protein atom HD1 in residue nr. 295 (ASP/ASP). This atom is ignored.
WARNING: No parameters for protein atom HE1 in residue nr. 297 (GLU/GLU). This atom is ignored.
WARNING: No parameters for protein atom HD1 in residue nr. 307 (ASP/ASP). This atom is ignored.
WARNING: No parameters for protein atom HD1 in residue nr. 319 (ASP/ASP). This atom is ignored.
WARNING: No parameters for protein atom HE1 in residue nr. 320 (GLU/GLU). This atom is ignored.
WARNING: No parameters for protein atom HE1 in residue nr. 322 (GLU/GLU). This atom is ignored.
WARNING: No parameters for protein atom HD1 in residue nr. 330 (ASP/ASP). This atom is ignored.
WARNING: No parameters for protein atom HE1 in residue nr. 364 (GLU/GLU). This atom is ignored.
WARNING: No parameters for protein atom HD1 in residue nr. 371 (ASP/ASP). This atom is ignored.
WARNING: No parameters for protein atom HD1 in residue nr. 398 (ASP/ASP). This atom is ignored.
Translated   73 atoms and   80 bonds to cofactor restype=HEM                                                                     
Molecule: restype=HEM
MW =   558.380
Number of HB atoms =     9
Number of rotors    =     0
LogP    =   2.44
Total number of atoms in this molecule =    73
id  vld.  type   xtype    type2   res r_id  name   weight  r   eps  q  XR logp solv hb  occ. bfct  ring origin part #neib #nonh  neib[0..6]                  bond[0..6]                  hb root[0..2]

   1 0    Un     Un       FE      COF 406           0.00   0.0 0.0 0.0 0.0 0.0 0.0  N    0.0 0.0   1    2      1    4     4         2  23  39  55   0   0   0   1   2   3   4   0   0   0 0.0  0.0  0.0
   2 1    N.am   N.ar     NA      COF 406          14.01   1.8 0.0 0.0 1.8 0.1 0.0  A    0.0 0.0   2    2      1    3     3         3  19   1   0   0   0   0   5   6   1   0   0   0   047.7 44.5  9.0
   3 1    C.2    C.ar.x   CN      COF 406          12.01   2.0 0.0 0.0 2.0 0.0 0.0  P    0.0 0.0   2    2      1    3     3         2   4  63   0   0   0   0   5   7   8   0   0   0   0 0.0  0.0  0.0
   4 1    C.2    C.ar     CB      COF 406          12.01   2.0 0.0 0.0 2.0 0.0 0.0  H    0.0 0.0   2    2      1    3     3         3   5  14   0   0   0   0   7   9  10   0   0   0   0 0.0  0.0  0.0
   5 1    C.2    C.2      CT      COF 406          12.01   1.9 0.0 0.0 1.9 0.1 0.0  H    0.0 0.0   0    2      1    4     2         4   8   7   6   0   0   0   9  13  12  11   0   0   0 0.0  0.0  0.0
   6 1    H      H        HC      COF 406           1.00   1.0 0.0 0.0 1.0 0.0 0.0  N    0.0 0.0   0    2      1    1     1         5   0   0   0   0   0   0  11   0   0   0   0   0   0 0.0  0.0  0.0
   7 1    H      H        HC      COF 406           1.00   1.0 0.0 0.0 1.0 0.0 0.0  N    0.0 0.0   0    2      1    1     1         5   0   0   0   0   0   0  12   0   0   0   0   0   0 0.0  0.0  0.0
   8 1    C.2    C.2      CT      COF 406          12.01   1.9 0.0 0.0 1.9 0.1 0.0  H    0.0 0.0   0    2      1    4     2         5  11  10   9   0   0   0  13  16  15  14   0   0   0 0.0  0.0  0.0
   9 1    H      H        HC      COF 406           1.00   1.0 0.0 0.0 1.0 0.0 0.0  N    0.0 0.0   0    2      1    1     1         8   0   0   0   0   0   0  14   0   0   0   0   0   0 0.0  0.0  0.0
  10 1    H      H        HC      COF 406           1.00   1.0 0.0 0.0 1.0 0.0 0.0  N    0.0 0.0   0    2      1    1     1         8   0   0   0   0   0   0  15   0   0   0   0   0   0 0.0  0.0  0.0
  11 1    C.2    C.2.x    C       COF 406          12.01   1.9 0.0 0.0 1.9-0.3 0.0  P    0.0 0.0   0    2      1    3     3        12  13   8   0   0   0   0  17  18  16   0   0   0   0 0.0  0.0  0.0
  12 1    O.2    O.2      O2      COF 406          16.00   1.5 0.0 0.0 1.5-0.4 0.0  A    0.0 0.0   0    2      1    1     1        11   0   0   0   0   0   0  17   0   0   0   0   0   043.1 40.4  9.9
  13 1    O.2    O.2      O2      COF 406          16.00   1.5 0.0 0.0 1.5-0.4 0.0  A    0.0 0.0   0    2      1    1     1        11   0   0   0   0   0   0  18   0   0   0   0   0   043.1 40.4  9.9
  14 1    C.2    C.ar     CB      COF 406          12.01   2.0 0.0 0.0 2.0 0.0 0.0  H    0.0 0.0   2    2      1    3     3         4  15  19   0   0   0   0  10  19  20   0   0   0   0 0.0  0.0  0.0
  15 1    C.2    C.2      CT      COF 406          12.01   1.9 0.0 0.0 1.9 0.4 0.0  H    0.0 0.0   0    2      1    4     1        14  16  17  18   0   0   0  19  21  22  23   0   0   0 0.0  0.0  0.0
  16 1    H      H        HC      COF 406           1.00   1.0 0.0 0.0 1.0 0.0 0.0  N    0.0 0.0   0    2      1    1     1        15   0   0   0   0   0   0  21   0   0   0   0   0   0 0.0  0.0  0.0
  17 1    H      H        HC      COF 406           1.00   1.0 0.0 0.0 1.0 0.0 0.0  N    0.0 0.0   0    2      1    1     1        15   0   0   0   0   0   0  22   0   0   0   0   0   0 0.0  0.0  0.0
  18 1    H      H        HC      COF 406           1.00   1.0 0.0 0.0 1.0 0.0 0.0  N    0.0 0.0   0    2      1    1     1        15   0   0   0   0   0   0  23   0   0   0   0   0   0 0.0  0.0  0.0
  19 1    C.2    C.ar.x   CN      COF 406          12.01   2.0 0.0 0.0 2.0 0.0 0.0  P    0.0 0.0   2    2      1    3     3         2  14  20   0   0   0   0   6  20  24   0   0   0   0 0.0  0.0  0.0
  20 1    C.2    C.2      CA      COF 406          12.01   1.9 0.0 0.0 1.9 0.1 0.0  H    0.0 0.0   1    2      1    3     2        19  22  21   0   0   0   0  24  26  25   0   0   0   0 0.0  0.0  0.0
  21 1    H      H        HA      COF 406           1.00   1.0 0.0 0.0 1.0 0.0 0.0  N    0.0 0.0   0    2      1    1     1        20   0   0   0   0   0   0  25   0   0   0   0   0   0 0.0  0.0  0.0
  22 1    C.2    C.ar.x   CN      COF 406          12.01   2.0 0.0 0.0 2.0 0.0 0.0  P    0.0 0.0   2    2      1    3     3        23  20  24   0   0   0   0  27  26  28   0   0   0   0 0.0  0.0  0.0
  23 1    N.am   N.ar     NB      COF 406          14.01   1.8 0.0 0.0 1.8 0.1 0.0  A    0.0 0.0   2    2      1    3     3        22  35   1   0   0   0   0  27  29   2   0   0   0   050.1 45.5  9.1
  24 1    C.2    C.ar     CB      COF 406          12.01   2.0 0.0 0.0 2.0 0.0 0.0  H    0.0 0.0   2    2      1    3     3        22  25  29   0   0   0   0  28  30  31   0   0   0   0 0.0  0.0  0.0
  25 1    C.2    C.2      CT      COF 406          12.01   1.9 0.0 0.0 1.9 0.4 0.0  H    0.0 0.0   0    2      1    4     1        24  26  27  28   0   0   0  30  32  33  34   0   0   0 0.0  0.0  0.0
  26 1    H      H        HC      COF 406           1.00   1.0 0.0 0.0 1.0 0.0 0.0  N    0.0 0.0   0    2      1    1     1        25   0   0   0   0   0   0  32   0   0   0   0   0   0 0.0  0.0  0.0
  27 1    H      H        HC      COF 406           1.00   1.0 0.0 0.0 1.0 0.0 0.0  N    0.0 0.0   0    2      1    1     1        25   0   0   0   0   0   0  33   0   0   0   0   0   0 0.0  0.0  0.0
  28 1    H      H        HC      COF 406           1.00   1.0 0.0 0.0 1.0 0.0 0.0  N    0.0 0.0   0    2      1    1     1        25   0   0   0   0   0   0  34   0   0   0   0   0   0 0.0  0.0  0.0
  29 1    C.2    C.ar     CB      COF 406          12.01   2.0 0.0 0.0 2.0 0.0 0.0  H    0.0 0.0   2    2      1    3     3        24  30  35   0   0   0   0  31  35  36   0   0   0   0 0.0  0.0  0.0
  30 1    C.2    C.2      CM      COF 406          12.01   1.9 0.0 0.0 1.9 0.1 0.0  H    0.0 0.0   0    2      1    3     2        29  32  31   0   0   0   0  35  38  37   0   0   0   0 0.0  0.0  0.0
  31 1    H      H        HC      COF 406           1.00   1.0 0.0 0.0 1.0 0.0 0.0  N    0.0 0.0   0    2      1    1     1        30   0   0   0   0   0   0  37   0   0   0   0   0   0 0.0  0.0  0.0
  32 1    C.2    C.2      CM      COF 406          12.01   1.9 0.0 0.0 1.9 0.4 0.0  H    0.0 0.0   0    2      1    3     1        30  33  34   0   0   0   0  38  39  40   0   0   0   0 0.0  0.0  0.0
  33 1    H      H        HC      COF 406           1.00   1.0 0.0 0.0 1.0 0.0 0.0  N    0.0 0.0   0    2      1    1     1        32   0   0   0   0   0   0  39   0   0   0   0   0   0 0.0  0.0  0.0
  34 1    H      H        HC      COF 406           1.00   1.0 0.0 0.0 1.0 0.0 0.0  N    0.0 0.0   0    2      1    1     1        32   0   0   0   0   0   0  40   0   0   0   0   0   0 0.0  0.0  0.0
  35 1    C.2    C.ar.x   CN      COF 406          12.01   2.0 0.0 0.0 2.0 0.0 0.0  P    0.0 0.0   2    2      1    3     3        23  29  36   0   0   0   0  29  36  41   0   0   0   0 0.0  0.0  0.0
  36 1    C.2    C.2      CA      COF 406          12.01   1.9 0.0 0.0 1.9 0.1 0.0  H    0.0 0.0   1    2      1    3     2        35  38  37   0   0   0   0  41  43  42   0   0   0   0 0.0  0.0  0.0
  37 1    H      H        HA      COF 406           1.00   1.0 0.0 0.0 1.0 0.0 0.0  N    0.0 0.0   0    2      1    1     1        36   0   0   0   0   0   0  42   0   0   0   0   0   0 0.0  0.0  0.0
  38 1    C.2    C.ar.x   CN      COF 406          12.01   2.0 0.0 0.0 2.0 0.0 0.0  P    0.0 0.0   2    2      1    3     3        39  36  40   0   0   0   0  44  43  45   0   0   0   0 0.0  0.0  0.0
  39 1    N.am   N.ar     NA      COF 406          14.01   1.8 0.0 0.0 1.8 0.1 0.0  A    0.0 0.0   2    2      1    3     3        38  51   1   0   0   0   0  44  46   3   0   0   0   049.0 48.0  9.3
  40 1    C.2    C.ar     CB      COF 406          12.01   2.0 0.0 0.0 2.0 0.0 0.0  H    0.0 0.0   2    2      1    3     3        38  41  45   0   0   0   0  45  47  48   0   0   0   0 0.0  0.0  0.0
  41 1    C.2    C.2      CT      COF 406          12.01   1.9 0.0 0.0 1.9 0.4 0.0  H    0.0 0.0   0    2      1    4     1        40  42  43  44   0   0   0  47  49  50  51   0   0   0 0.0  0.0  0.0
  42 1    H      H        HC      COF 406           1.00   1.0 0.0 0.0 1.0 0.0 0.0  N    0.0 0.0   0    2      1    1     1        41   0   0   0   0   0   0  49   0   0   0   0   0   0 0.0  0.0  0.0
  43 1    H      H        HC      COF 406           1.00   1.0 0.0 0.0 1.0 0.0 0.0  N    0.0 0.0   0    2      1    1     1        41   0   0   0   0   0   0  50   0   0   0   0   0   0 0.0  0.0  0.0
  44 1    H      H        HC      COF 406           1.00   1.0 0.0 0.0 1.0 0.0 0.0  N    0.0 0.0   0    2      1    1     1        41   0   0   0   0   0   0  51   0   0   0   0   0   0 0.0  0.0  0.0
  45 1    C.2    C.ar     CB      COF 406          12.01   2.0 0.0 0.0 2.0 0.0 0.0  H    0.0 0.0   2    2      1    3     3        40  46  51   0   0   0   0  48  52  53   0   0   0   0 0.0  0.0  0.0
  46 1    C.2    C.2      CM      COF 406          12.01   1.9 0.0 0.0 1.9 0.1 0.0  H    0.0 0.0   0    2      1    3     2        45  48  47   0   0   0   0  52  55  54   0   0   0   0 0.0  0.0  0.0
  47 1    H      H        HC      COF 406           1.00   1.0 0.0 0.0 1.0 0.0 0.0  N    0.0 0.0   0    2      1    1     1        46   0   0   0   0   0   0  54   0   0   0   0   0   0 0.0  0.0  0.0
  48 1    C.2    C.2      CM      COF 406          12.01   1.9 0.0 0.0 1.9 0.4 0.0  H    0.0 0.0   0    2      1    3     1        46  49  50   0   0   0   0  55  56  57   0   0   0   0 0.0  0.0  0.0
  49 1    H      H        HC      COF 406           1.00   1.0 0.0 0.0 1.0 0.0 0.0  N    0.0 0.0   0    2      1    1     1        48   0   0   0   0   0   0  56   0   0   0   0   0   0 0.0  0.0  0.0
  50 1    H      H        HC      COF 406           1.00   1.0 0.0 0.0 1.0 0.0 0.0  N    0.0 0.0   0    2      1    1     1        48   0   0   0   0   0   0  57   0   0   0   0   0   0 0.0  0.0  0.0
  51 1    C.2    C.ar.x   CN      COF 406          12.01   2.0 0.0 0.0 2.0 0.0 0.0  P    0.0 0.0   2    2      1    3     3        39  45  52   0   0   0   0  46  53  58   0   0   0   0 0.0  0.0  0.0
  52 1    C.2    C.2      CA      COF 406          12.01   1.9 0.0 0.0 1.9 0.1 0.0  H    0.0 0.0   1    2      1    3     2        51  54  53   0   0   0   0  58  60  59   0   0   0   0 0.0  0.0  0.0
  53 1    H      H        HA      COF 406           1.00   1.0 0.0 0.0 1.0 0.0 0.0  N    0.0 0.0   0    2      1    1     1        52   0   0   0   0   0   0  59   0   0   0   0   0   0 0.0  0.0  0.0
  54 1    C.2    C.ar.x   CN      COF 406          12.01   2.0 0.0 0.0 2.0 0.0 0.0  P    0.0 0.0   2    2      1    3     3        55  52  56   0   0   0   0  61  60  62   0   0   0   0 0.0  0.0  0.0
  55 1    N.am   N.ar     NB      COF 406          14.01   1.8 0.0 0.0 1.8 0.1 0.0  A    0.0 0.0   2    2      1    3     3        54  62   1   0   0   0   0  61  63   4   0   0   0   046.6 46.9  9.0
  56 1    C.2    C.ar     CB      COF 406          12.01   2.0 0.0 0.0 2.0 0.0 0.0  H    0.0 0.0   2    2      1    3     3        54  57  61   0   0   0   0  62  64  65   0   0   0   0 0.0  0.0  0.0
  57 1    C.2    C.2      CT      COF 406          12.01   1.9 0.0 0.0 1.9 0.4 0.0  H    0.0 0.0   0    2      1    4     1        56  58  59  60   0   0   0  64  66  67  68   0   0   0 0.0  0.0  0.0
  58 1    H      H        HC      COF 406           1.00   1.0 0.0 0.0 1.0 0.0 0.0  N    0.0 0.0   0    2      1    1     1        57   0   0   0   0   0   0  66   0   0   0   0   0   0 0.0  0.0  0.0
  59 1    H      H        HC      COF 406           1.00   1.0 0.0 0.0 1.0 0.0 0.0  N    0.0 0.0   0    2      1    1     1        57   0   0   0   0   0   0  67   0   0   0   0   0   0 0.0  0.0  0.0
  60 1    H      H        HC      COF 406           1.00   1.0 0.0 0.0 1.0 0.0 0.0  N    0.0 0.0   0    2      1    1     1        57   0   0   0   0   0   0  68   0   0   0   0   0   0 0.0  0.0  0.0
  61 1    C.2    C.ar     CB      COF 406          12.01   2.0 0.0 0.0 2.0 0.0 0.0  H    0.0 0.0   2    2      1    3     3        56  62  65   0   0   0   0  65  69  70   0   0   0   0 0.0  0.0  0.0
  62 1    C.2    C.ar.x   CN      COF 406          12.01   2.0 0.0 0.0 2.0 0.0 0.0  P    0.0 0.0   2    2      1    3     3        55  61  63   0   0   0   0  63  69  71   0   0   0   0 0.0  0.0  0.0
  63 1    C.2    C.2      CA      COF 406          12.01   1.9 0.0 0.0 1.9 0.1 0.0  H    0.0 0.0   1    2      1    3     2         3  62  64   0   0   0   0   8  71  72   0   0   0   0 0.0  0.0  0.0
  64 1    H      H        HA      COF 406           1.00   1.0 0.0 0.0 1.0 0.0 0.0  N    0.0 0.0   0    2      1    1     1        63   0   0   0   0   0   0  72   0   0   0   0   0   0 0.0  0.0  0.0
  65 1    C.2    C.2      CT      COF 406          12.01   1.9 0.0 0.0 1.9 0.1 0.0  H    0.0 0.0   0    2      1    4     2        61  68  67  66   0   0   0  70  75  74  73   0   0   0 0.0  0.0  0.0
  66 1    H      H        HC      COF 406           1.00   1.0 0.0 0.0 1.0 0.0 0.0  N    0.0 0.0   0    2      1    1     1        65   0   0   0   0   0   0  73   0   0   0   0   0   0 0.0  0.0  0.0
  67 1    H      H        HC      COF 406           1.00   1.0 0.0 0.0 1.0 0.0 0.0  N    0.0 0.0   0    2      1    1     1        65   0   0   0   0   0   0  74   0   0   0   0   0   0 0.0  0.0  0.0
  68 1    C.2    C.2      CT      COF 406          12.01   1.9 0.0 0.0 1.9 0.1 0.0  H    0.0 0.0   0    2      1    4     2        65  71  70  69   0   0   0  75  78  77  76   0   0   0 0.0  0.0  0.0
  69 1    H      H        HC      COF 406           1.00   1.0 0.0 0.0 1.0 0.0 0.0  N    0.0 0.0   0    2      1    1     1        68   0   0   0   0   0   0  76   0   0   0   0   0   0 0.0  0.0  0.0
  70 1    H      H        HC      COF 406           1.00   1.0 0.0 0.0 1.0 0.0 0.0  N    0.0 0.0   0    2      1    1     1        68   0   0   0   0   0   0  77   0   0   0   0   0   0 0.0  0.0  0.0
  71 1    C.2    C.2.x    C       COF 406          12.01   1.9 0.0 0.0 1.9-0.3 0.0  P    0.0 0.0   0    2      1    3     3        72  73  68   0   0   0   0  79  80  78   0   0   0   0 0.0  0.0  0.0
  72 1    O.2    O.2      O2      COF 406          16.00   1.5 0.0 0.0 1.5-0.4 0.0  A    0.0 0.0   0    2      1    1     1        71   0   0   0   0   0   0  79   0   0   0   0   0   040.7 46.1  7.3
  73 1    O.2    O.2      O2      COF 406          16.00   1.5 0.0 0.0 1.5-0.4 0.0  A    0.0 0.0   0    2      1    1     1        71   0   0   0   0   0   0  80   0   0   0   0   0   040.7 46.1  7.3
Total number of bonds in this molecule =     80
id      valid  atom_1 atom_2  type  ring  part  num_neib  neib[0:5]
   1        1     1      2    1        1     1     5         2    3    4    5    6    0
   2        1     1     23    1        1     1     5         1    3    4   27   29    0
   3        1     1     39    1        1     1     5         1    2    4   44   46    0
   4        1     1     55    1        1     1     5         1    2    3   61   63    0
   5        1     2      3    ar       2     1     4         1    6    7    8    0    0
   6        1     2     19    ar       2     1     4         1    5   20   24    0    0
   7        1     3      4    ar       2     1     4         5    8    9   10    0    0
   8        1     3     63    ar       1     1     4         5    7   71   72    0    0
   9        1     4      5    1        0     1     5         7   10   11   12   13    0
  10        1     4     14    1        2     1     4         7    9   19   20    0    0
  11        1     5      6    1        0     1     3         9   12   13    0    0    0
  12        1     5      7    1        0     1     3         9   11   13    0    0    0
  13        1     5      8    1        0     1     6         9   11   12   14   15   16
  14        1     8      9    1        0     1     3        13   15   16    0    0    0
  15        1     8     10    1        0     1     3        13   14   16    0    0    0
  16        1     8     11    1        0     1     5        13   14   15   17   18    0
  17        1    11     12    1        0     1     2        16   18    0    0    0    0
  18        1    11     13    1        0     1     2        16   17    0    0    0    0
  19        1    14     15    1        0     1     5        10   20   21   22   23    0
  20        1    14     19    ar       2     1     4         6   10   19   24    0    0
  21        1    15     16    1        0     1     3        19   22   23    0    0    0
  22        1    15     17    1        0     1     3        19   21   23    0    0    0
  23        1    15     18    1        0     1     3        19   21   22    0    0    0
  24        1    19     20    ar       1     1     4         6   20   25   26    0    0
  25        1    20     21    1        0     1     2        24   26    0    0    0    0
  26        1    20     22    ar       1     1     4        24   25   27   28    0    0
  27        1    22     23    1        2     1     4         2   26   28   29    0    0
  28        1    22     24    ar       2     1     4        26   27   30   31    0    0
  29        1    23     35    1        2     1     4         2   27   36   41    0    0
  30        1    24     25    1        0     1     5        28   31   32   33   34    0
  31        1    24     29    1        2     1     4        28   30   35   36    0    0
  32        1    25     26    1        0     1     3        30   33   34    0    0    0
  33        1    25     27    1        0     1     3        30   32   34    0    0    0
  34        1    25     28    1        0     1     3        30   32   33    0    0    0
  35        1    29     30    1        0     1     4        31   36   37   38    0    0
  36        1    29     35    ar       2     1     4        29   31   35   41    0    0
  37        1    30     31    1        0     1     2        35   38    0    0    0    0
  38        1    30     32    1        0     1     4        35   37   39   40    0    0
  39        1    32     33    1        0     1     2        38   40    0    0    0    0
  40        1    32     34    1        0     1     2        38   39    0    0    0    0
  41        1    35     36    ar       1     1     4        29   36   42   43    0    0
  42        1    36     37    1        0     1     2        41   43    0    0    0    0
  43        1    36     38    ar       1     1     4        41   42   44   45    0    0
  44        1    38     39    ar       2     1     4         3   43   45   46    0    0
  45        1    38     40    ar       2     1     4        43   44   47   48    0    0
  46        1    39     51    ar       2     1     4         3   44   53   58    0    0
  47        1    40     41    1        0     1     5        45   48   49   50   51    0
  48        1    40     45    1        2     1     4        45   47   52   53    0    0
  49        1    41     42    1        0     1     3        47   50   51    0    0    0
  50        1    41     43    1        0     1     3        47   49   51    0    0    0
  51        1    41     44    1        0     1     3        47   49   50    0    0    0
  52        1    45     46    1        0     1     4        48   53   54   55    0    0
  53        1    45     51    ar       2     1     4        46   48   52   58    0    0
  54        1    46     47    1        0     1     2        52   55    0    0    0    0
  55        1    46     48    1        0     1     4        52   54   56   57    0    0
  56        1    48     49    1        0     1     2        55   57    0    0    0    0
  57        1    48     50    1        0     1     2        55   56    0    0    0    0
  58        1    51     52    ar       1     1     4        46   53   59   60    0    0
  59        1    52     53    1        0     1     2        58   60    0    0    0    0
  60        1    52     54    ar       1     1     4        58   59   61   62    0    0
  61        1    54     55    1        2     1     4         4   60   62   63    0    0
  62        1    54     56    ar       2     1     4        60   61   64   65    0    0
  63        1    55     62    1        2     1     4         4   61   69   71    0    0
  64        1    56     57    1        0     1     5        62   65   66   67   68    0
  65        1    56     61    1        2     1     4        62   64   69   70    0    0
  66        1    57     58    1        0     1     3        64   67   68    0    0    0
  67        1    57     59    1        0     1     3        64   66   68    0    0    0
  68        1    57     60    1        0     1     3        64   66   67    0    0    0
  69        1    61     62    ar       2     1     4        63   65   70   71    0    0
  70        1    61     65    1        0     1     5        65   69   73   74   75    0
  71        1    62     63    ar       1     1     4         8   63   69   72    0    0
  72        1    63     64    1        0     1     2         8   71    0    0    0    0
  73        1    65     66    1        0     1     3        70   74   75    0    0    0
  74        1    65     67    1        0     1     3        70   73   75    0    0    0
  75        1    65     68    1        0     1     6        70   73   74   76   77   78
  76        1    68     69    1        0     1     3        75   77   78    0    0    0
  77        1    68     70    1        0     1     3        75   76   78    0    0    0
  78        1    68     71    1        0     1     5        75   76   77   79   80    0
  79        1    71     72    1        0     1     2        78   80    0    0    0    0
  80        1    71     73    1        0     1     2        78   79    0    0    0    0
Total number of aromatic rings in this molecule =    4
id  vld. type size    atoms (first-last)  centroid
  1  1   2     5          2    19          47.2  43.2    9.0
  2  1   2     5         22    24          51.4  45.0    9.3
  3  1   2     5         38    40          49.5  49.2    9.5
  4  1   2     5         54    56          45.4  47.4    9.0
WARNING: 2531 atoms (out of 6455) in lig (protein) will be ignored. Note that nonpolar hydrogens are automatically ignored.
Scoring initial configuration
                              VDW    HB      HP    HM      HS     RT     SCORE
  1  C.2                     25.8   0.00   7.09    0.14 15.06    0.0     0.475
  2  C.2                     26.7   0.00   0.00    0.00  0.00    0.0     0.420
  3  C.2                     28.6   0.00   9.51    0.14 22.59    0.0     0.504
  4  C.2                     30.1   0.00  10.39    0.05  0.00    0.0     0.471
  5  C.2                     33.0   0.00  10.11    0.14 15.28    0.0     0.513
  6  C.2                     29.9   0.00   6.09    0.05  0.00    0.0     0.457
  7  C.2                      8.8   0.00  10.56    0.42 53.60    0.0     0.506
  8  C.2                      0.0   0.00  13.55    0.42 35.66    0.0     0.456
  9  C.2                     29.1   0.00   6.59    0.42 52.27    0.0     0.573
 10  C.2                     17.1   0.00   7.18    0.42 51.39    0.0     0.526
 11  O.2                     21.3   1.00   0.00    0.00  0.00    0.0     0.474
 12  H                        0.0   0.00   0.00    0.00  0.00    0.0     0.000
 13  H                        0.0   0.00   0.00    0.00  0.00    0.0     0.000
 14  H                        0.0   0.00   0.00    0.00  0.00    0.0     0.000
 15  H                        0.0   0.00   0.00    0.00  0.00    0.0     0.000
 16  H                        0.0   0.00   0.00    0.00  0.00    0.0     0.000
 17  H                        0.0   0.00   0.00    0.00  0.00    0.0     0.000
 18  H                        0.0   0.00   0.00    0.00  0.00    0.0     0.000
 19  H                        0.0   0.00   0.00    0.00  0.00    0.0     0.000
 20  H                        0.0   0.00   0.00    0.00  0.00    0.0     0.000
 21  H                        0.0   0.00   0.00    0.00  0.00    0.0     0.000
 22  H                        0.0   0.00   0.00    0.00  0.00    0.0     0.000
 23  H                        0.0   0.00   0.00    0.00  0.00    0.0     0.000
 24  H                        0.0   0.00   0.00    0.00  0.00    0.0     0.000
 25  H                        0.0   0.00   0.00    0.00  0.00    0.0     0.000
 26  H                        0.0   0.00   0.00    0.00  0.00    0.0     0.000
 27  H                        0.0   0.00   0.00    0.00  0.00    0.0     0.000
 28  H                        0.0   0.00   0.00    0.00  0.00    0.0     0.000
 29  H                        0.0   0.00   0.00    0.00  0.00    0.0     0.000
                            --------------------------------------------------
                            250.3   1.00   81.1    2.19 245.9    0.0     5.376
---------------------- Help for reading coordinate files ---------------------
Enter names of coordinate files (restart or trajectory) on separate lines
Terminate with EOF or period (.).
========================= List of defined calculations ========================
 1 X-Score calculation using   6817 atoms                      
----------------------------- Calculation results ----------------------------
file               frame  1:                              VDW    HB      HP    HM      HS     RT     SCORE
 
dc1.d...               1                             276.3   1.00   68.8    2.19 247.6    0.0     5.445
 
dc1.d...               2                             279.3   0.63   69.1    2.19 252.3    0.0     5.436
 
dc1.d...               3                             281.5   1.00   71.6    2.19 255.4    0.0     5.485
 
dc1.d...               4                             284.0   1.00   73.9    2.19 252.3    0.0     5.498
 
dc1.d...               5                             278.1   1.00   73.0    2.19 252.7    0.0     5.472
 
dc1.d...               6                             289.8   1.00   75.0    2.19 260.0    0.0     5.534
 
dc1.d...               7                             280.4   1.00   73.7    1.77 253.4    0.0     5.430
 
dc1.d...               8                             279.3   1.00   77.2    2.19 250.3    0.0     5.486
 
dc1.d...               9                             303.9   1.00   80.0    2.19 256.5    0.0     5.601
 
dc1.d...              10                             297.6   1.00   77.1    2.19 260.5    0.0     5.572
 
dc1.d...              11                             295.6   1.00   83.4    2.19 255.6    0.0     5.577
 
dc1.d...              12                             277.7   1.00   75.2    2.19 256.1    0.0     5.481
 
dc1.d...              13                             302.4   0.65   80.6    2.19 254.3    0.0     5.568
 
dc1.d...              14                             284.6   0.89   78.2    2.19 252.7    0.0     5.505
 
dc1.d...              15                             285.1   1.00   76.5    2.19 255.8    0.0     5.515
 
dc1.d...              16                             281.5   1.00   75.0    2.19 252.5    0.0     5.491
 
dc1.d...              17                             285.4   1.00   72.8    2.19 256.5    0.0     5.506
 
dc1.d...              18                             286.5   1.00   76.2    2.19 256.3    0.0     5.520
 
dc1.d...              19                             283.2   1.00   74.6    2.19 258.3    0.0     5.505
 
dc1.d...              20                             291.6   0.88   83.6    2.19 249.9    0.0     5.545
 
dc1.d...              21                             279.8   1.00   73.5    2.19 250.5    0.0     5.478
 
dc1.d...              22                             290.0   1.00   80.9    2.19 253.2    0.0     5.544
 
dc1.d...              23                             278.8   0.58   74.6    2.19 256.1    0.0     5.452
 
dc1.d...              24                             281.2   0.49   76.2    2.19 250.1    0.0     5.452
 
dc1.d...              25                             280.2   1.00   87.1    2.19 255.2    0.0     5.526
 
processed frames:   25        VDW    HB      HP    HM      HS     RT     SCORE
                            285.4   0.9    76.3   2.2   254.2    0.0      5.50
WARNING: There were  51 warnings.
