###############################################################################
Welcome to Qcalc version 5.01
 
Qcalc works in three stages:
1. Load topology.
2. Set up a list of calculations to make.
3. Read coordinates from trajectory and/or restart files and calculate.
--> Topology file: Loading topology tca.top
---------------------------- Reading topology file ---------------------------
lig                                                                             

No. of solute atoms     =       6482
No. of solvent atoms    =        321
No. of coordinates      =      20409
No. of atom type codes  =       6803
No. of solute bonds     =       6569
No. of solvent bonds    =        321
No. of solute angles    =      11847
No. of solvent angles   =        107
No. of solute torsions  =      24453
No. of solvent torsions =          0
No. of solute impropers =       1292
No. of solvent impropers=          0
No. of atomic charges   =       6803
No. of solute chargegrps=          0
No. of solvent chargegps=          0
Charge group cut-off    : Switching atoms
vdW  rule [ 1=G / 2=A ] =          1
El-static 1-4 damping   =      0.500
Coulomb constant        =   332.0000
No. of atom types       =         40
No. of LJ type 2 pairs  =          0
No. of heavy atoms      =       3368
No. of 1-4 neighbours   =      17342
No. long-range 1-4 nbrs =         43
No. of nbor exclusions  =      18828
No. of long-range excls =         16
No. of residues         =        514
No of solute residues   =        407
No. of molecules        =        110
Atom type names         =         40
SYBYL atom types        =         40
Boundary: sphere
Exclusion radius        =     10.000
Eff. solvent radius     =      0.010
Solute centre           =      0.000     0.000     0.000
Solvent centre          =     46.105    44.219    13.032
No. of excluded atoms   =       6803
Molecular topology read successfully.

========================== List of calculation types =========================
   description                             command
 1 RMS coord. deviation                    rmsd          
 2 Least squares fit                       fit           
 3 Distance, bond energy                   dist          
 4 Angle, angle energy                     angle         
 5 Torsion, torsion energy                 torsion       
 6 Entropy [Schlitters formula]            entropy       
 7 Nonbonded monitor                       nonbond       
 8 Residue nonbond monitor                 nb_prot_qatom 
 9 ChemScore                               chemscore     
10 X-Score                                 xscore        
11 PMF-Score                               pmfscore      
   Show list of calculations+menu          list
   Proceed to next phase                   go
Qcalc> Mask:Added 6482 atoms to the mask which now contains 6482 atoms.
Mask:Score initial topology? (yes/no)Q-atom (FEP) file: Cofactor (. or EOL terminates): Cofactor (. or EOL terminates): FF translation key: Scroring parameters: Added calc. # 1: X-Score calculation using   6803 atoms                      
Qcalc> Read   27 residue types from /ibg/courses/1MB280/workshop2005/Q5/residue_def_xtool.dat
Read   55 atom types from /ibg/courses/1MB280/workshop2005/Q5/atom_def_xtool.dat
Read  112 x-atom types from /ibg/courses/1MB280/workshop2005/Q5/atom_def_xlogp.dat
Read   84 atom translations for force field qoplsaa.
Read   35 residues from library.
----------------------------- Reading Q atom list ----------------------------
No. of fep/evb states    =     1
No. of fep/evb atoms     =    27
Atom nos.:  6456  6457  6458  6459  6460  6461  6462  6463  6464  6465
Atom nos.:  6466  6467  6468  6469  6470  6471  6472  6473  6474  6475
Atom nos.:  6476  6477  6478  6479  6480  6481  6482
Translated   27 atoms and   28 bonds to ligand
Molecule: lig
MW =   168.170
Number of HB atoms =     0
Number of rotors    =     0
LogP    =   2.85
Total number of atoms in this molecule =    27
id  vld.  type   xtype    type2   res r_id  name   weight  r   eps  q  XR logp solv hb  occ. bfct  ring origin part #neib #nonh  neib[0..6]                  bond[0..6]                  hb root[0..2]

   1 1    C.2    C.2      CT      TCA 407          12.01   1.9 0.0 0.0 1.9 0.1 0.0  H    1.0 0.0   1    1      1    4     4         2   7  10   6   0   0   0   1   2   3  14   0   0   0 0.0  0.0  0.0
   2 1    C.2    C.2.x    Cket    TCA 407          12.01   1.9 0.0 0.0 1.9 0.0 0.0  P    1.0 0.0   1    1      1    3     3        11   3   1   0   0   0   0   5   4   1   0   0   0   0 0.0  0.0  0.0
   3 1    C.2    C.2      CT      TCA 407          12.01   1.9 0.0 0.0 1.9 0.1 0.0  H    1.0 0.0   1    1      1    4     2         2   4  12  13   0   0   0   4   6   7   8   0   0   0 0.0  0.0  0.0
   4 1    C.2    C.2      CT      TCA 407          12.01   1.9 0.0 0.0 1.9 0.0 0.0  H    1.0 0.0   1    1      1    4     3         3   5   7  14   0   0   0   6   9  17  10   0   0   0 0.0  0.0  0.0
   5 1    C.2    C.2      CT      TCA 407          12.01   1.9 0.0 0.0 1.9 0.1 0.0  H    1.0 0.0   1    1      1    4     2         4   6  15  16   0   0   0   9  11  12  13   0   0   0 0.0  0.0  0.0
   6 1    C.2    C.2      CT      TCA 407          12.01   1.9 0.0 0.0 1.9 0.1 0.0  H    1.0 0.0   1    1      1    4     2         5   1  17  18   0   0   0  11  14  15  16   0   0   0 0.0  0.0  0.0
   7 1    C.2    C.2      CT      TCA 407          12.01   1.9 0.0 0.0 1.9 0.1 0.0  H    1.0 0.0   1    1      1    4     4         1   4   8   9   0   0   0   2  17  18  19   0   0   0 0.0  0.0  0.0
   8 1    C.2    C.2      CT      TCA 407          12.01   1.9 0.0 0.0 1.9 0.4 0.0  H    1.0 0.0   0    1      1    4     1         7  19  20  21   0   0   0  18  20  21  22   0   0   0 0.0  0.0  0.0
   9 1    C.2    C.2      CT      TCA 407          12.01   1.9 0.0 0.0 1.9 0.4 0.0  H    1.0 0.0   0    1      1    4     1         7  22  23  24   0   0   0  19  23  24  25   0   0   0 0.0  0.0  0.0
  10 1    C.2    C.2      CT      TCA 407          12.01   1.9 0.0 0.0 1.9 0.4 0.0  H    1.0 0.0   0    1      1    4     1         1  25  26  27   0   0   0   3  26  27  28   0   0   0 0.0  0.0  0.0
  11 1    S.3    S.3.h    S       TCA 407          32.07   2.1 0.0 0.0 2.1 0.4 0.0  H    1.0 0.0   0    1      1    1     1         2   0   0   0   0   0   0   5   0   0   0   0   0   0 0.0  0.0  0.0
  12 1    H      H        HC      TCA 407           1.00   1.0 0.0 0.0 1.0 0.0 0.0  N    1.0 0.0   0    1      1    1     1         3   0   0   0   0   0   0   7   0   0   0   0   0   0 0.0  0.0  0.0
  13 1    H      H        HC      TCA 407           1.00   1.0 0.0 0.0 1.0 0.0 0.0  N    1.0 0.0   0    1      1    1     1         3   0   0   0   0   0   0   8   0   0   0   0   0   0 0.0  0.0  0.0
  14 1    H      H        HC      TCA 407           1.00   1.0 0.0 0.0 1.0 0.0 0.0  N    1.0 0.0   0    1      1    1     1         4   0   0   0   0   0   0  10   0   0   0   0   0   0 0.0  0.0  0.0
  15 1    H      H        HC      TCA 407           1.00   1.0 0.0 0.0 1.0 0.0 0.0  N    1.0 0.0   0    1      1    1     1         5   0   0   0   0   0   0  12   0   0   0   0   0   0 0.0  0.0  0.0
  16 1    H      H        HC      TCA 407           1.00   1.0 0.0 0.0 1.0 0.0 0.0  N    1.0 0.0   0    1      1    1     1         5   0   0   0   0   0   0  13   0   0   0   0   0   0 0.0  0.0  0.0
  17 1    H      H        HC      TCA 407           1.00   1.0 0.0 0.0 1.0 0.0 0.0  N    1.0 0.0   0    1      1    1     1         6   0   0   0   0   0   0  15   0   0   0   0   0   0 0.0  0.0  0.0
  18 1    H      H        HC      TCA 407           1.00   1.0 0.0 0.0 1.0 0.0 0.0  N    1.0 0.0   0    1      1    1     1         6   0   0   0   0   0   0  16   0   0   0   0   0   0 0.0  0.0  0.0
  19 1    H      H        HC      TCA 407           1.00   1.0 0.0 0.0 1.0 0.0 0.0  N    1.0 0.0   0    1      1    1     1         8   0   0   0   0   0   0  20   0   0   0   0   0   0 0.0  0.0  0.0
  20 1    H      H        HC      TCA 407           1.00   1.0 0.0 0.0 1.0 0.0 0.0  N    1.0 0.0   0    1      1    1     1         8   0   0   0   0   0   0  21   0   0   0   0   0   0 0.0  0.0  0.0
  21 1    H      H        HC      TCA 407           1.00   1.0 0.0 0.0 1.0 0.0 0.0  N    1.0 0.0   0    1      1    1     1         8   0   0   0   0   0   0  22   0   0   0   0   0   0 0.0  0.0  0.0
  22 1    H      H        HC      TCA 407           1.00   1.0 0.0 0.0 1.0 0.0 0.0  N    1.0 0.0   0    1      1    1     1         9   0   0   0   0   0   0  23   0   0   0   0   0   0 0.0  0.0  0.0
  23 1    H      H        HC      TCA 407           1.00   1.0 0.0 0.0 1.0 0.0 0.0  N    1.0 0.0   0    1      1    1     1         9   0   0   0   0   0   0  24   0   0   0   0   0   0 0.0  0.0  0.0
  24 1    H      H        HC      TCA 407           1.00   1.0 0.0 0.0 1.0 0.0 0.0  N    1.0 0.0   0    1      1    1     1         9   0   0   0   0   0   0  25   0   0   0   0   0   0 0.0  0.0  0.0
  25 1    H      H        HC      TCA 407           1.00   1.0 0.0 0.0 1.0 0.0 0.0  N    1.0 0.0   0    1      1    1     1        10   0   0   0   0   0   0  26   0   0   0   0   0   0 0.0  0.0  0.0
  26 1    H      H        HC      TCA 407           1.00   1.0 0.0 0.0 1.0 0.0 0.0  N    1.0 0.0   0    1      1    1     1        10   0   0   0   0   0   0  27   0   0   0   0   0   0 0.0  0.0  0.0
  27 1    H      H        HC      TCA 407           1.00   1.0 0.0 0.0 1.0 0.0 0.0  N    1.0 0.0   0    1      1    1     1        10   0   0   0   0   0   0  28   0   0   0   0   0   0 0.0  0.0  0.0
Total number of bonds in this molecule =     28
id      valid  atom_1 atom_2  type  ring  part  num_neib  neib[0:5]
   1        1     1      2    1        1     1     5         2    3    4    5   14    0
   2        1     1      7    1        1     1     6         1    3   14   17   18   19
   3        1     1     10    1        0     1     6         1    2   14   26   27   28
   4        1     2      3    1        1     1     5         1    5    6    7    8    0
   5        1     2     11    1        0     1     2         1    4    0    0    0    0
   6        1     3      4    1        1     1     6         4    7    8    9   10   17
   7        1     3     12    1        0     1     3         4    6    8    0    0    0
   8        1     3     13    1        0     1     3         4    6    7    0    0    0
   9        1     4      5    1        1     1     6         6   10   11   12   13   17
  10        1     4     14    1        0     1     3         6    9   17    0    0    0
  11        1     5      6    1        1     1     6         9   12   13   14   15   16
  12        1     5     15    1        0     1     3         9   11   13    0    0    0
  13        1     5     16    1        0     1     3         9   11   12    0    0    0
  14        1     6      1    1        1     1     6         1    2    3   11   15   16
  15        1     6     17    1        0     1     3        11   14   16    0    0    0
  16        1     6     18    1        0     1     3        11   14   15    0    0    0
  17        1     7      4    1        1     1     6         2    6    9   10   18   19
  18        1     7      8    1        0     1     6         2   17   19   20   21   22
  19        1     7      9    1        0     1     6         2   17   18   23   24   25
  20        1     8     19    1        0     1     3        18   21   22    0    0    0
  21        1     8     20    1        0     1     3        18   20   22    0    0    0
  22        1     8     21    1        0     1     3        18   20   21    0    0    0
  23        1     9     22    1        0     1     3        19   24   25    0    0    0
  24        1     9     23    1        0     1     3        19   23   25    0    0    0
  25        1     9     24    1        0     1     3        19   23   24    0    0    0
  26        1    10     25    1        0     1     3         3   27   28    0    0    0
  27        1    10     26    1        0     1     3         3   26   28    0    0    0
  28        1    10     27    1        0     1     3         3   26   27    0    0    0
Total number of aromatic rings in this molecule =    0
Translated  6455 atoms and  6541 bonds to protein
WARNING: No parameters for protein atom HE1 in residue nr. 11 (GLU/GLU). This atom is ignored.
WARNING: No parameters for protein atom HD1 in residue nr. 16 (ASP/ASP). This atom is ignored.
WARNING: No parameters for protein atom HD1 in residue nr. 18 (ASP/ASP). This atom is ignored.
WARNING: No parameters for protein atom HE1 in residue nr. 31 (GLU/GLU). This atom is ignored.
WARNING: No parameters for protein atom HE1 in residue nr. 38 (GLU/GLU). This atom is ignored.
WARNING: No parameters for protein atom HD1 in residue nr. 43 (ASP/ASP). This atom is ignored.
WARNING: No parameters for protein atom HE1 in residue nr. 64 (GLU/GLU). This atom is ignored.
WARNING: No parameters for protein atom HE1 in residue nr. 67 (GLU/GLU). This atom is ignored.
WARNING: No parameters for protein atom HD1 in residue nr. 68 (ASP/ASP). This atom is ignored.
WARNING: No parameters for protein atom HE1 in residue nr. 75 (GLU/GLU). This atom is ignored.
WARNING: No parameters for protein atom HE1 in residue nr. 82 (GLU/GLU). This atom is ignored.
WARNING: No parameters for protein atom HE1 in residue nr. 85 (GLU/GLU). This atom is ignored.
WARNING: No parameters for protein atom HD1 in residue nr. 95 (ASP/ASP). This atom is ignored.
WARNING: No parameters for protein atom HE1 in residue nr. 98 (GLU/GLU). This atom is ignored.
WARNING: No parameters for protein atom HD1 in residue nr. 116 (ASP/ASP). This atom is ignored.
WARNING: No parameters for protein atom HE1 in residue nr. 119 (GLU/GLU). This atom is ignored.
WARNING: No parameters for protein atom HE1 in residue nr. 124 (GLU/GLU). This atom is ignored.
WARNING: No parameters for protein atom HE1 in residue nr. 131 (GLU/GLU). This atom is ignored.
WARNING: No parameters for protein atom HE1 in residue nr. 143 (GLU/GLU). This atom is ignored.
WARNING: No parameters for protein atom HD1 in residue nr. 144 (ASP/ASP). This atom is ignored.
WARNING: No parameters for protein atom HE1 in residue nr. 147 (GLU/GLU). This atom is ignored.
WARNING: No parameters for protein atom HE1 in residue nr. 162 (GLU/GLU). This atom is ignored.
WARNING: No parameters for protein atom HE1 in residue nr. 163 (GLU/GLU). This atom is ignored.
WARNING: No parameters for protein atom HD1 in residue nr. 164 (ASP/ASP). This atom is ignored.
WARNING: No parameters for protein atom HD1 in residue nr. 179 (ASP/ASP). This atom is ignored.
WARNING: No parameters for protein atom HE1 in residue nr. 186 (GLU/GLU). This atom is ignored.
WARNING: No parameters for protein atom HE1 in residue nr. 189 (GLU/GLU). This atom is ignored.
WARNING: No parameters for protein atom HD1 in residue nr. 193 (ASP/ASP). This atom is ignored.
WARNING: No parameters for protein atom HE1 in residue nr. 200 (GLU/GLU). This atom is ignored.
WARNING: No parameters for protein atom HD1 in residue nr. 209 (ASP/ASP). This atom is ignored.
WARNING: No parameters for protein atom HD1 in residue nr. 227 (ASP/ASP). This atom is ignored.
WARNING: No parameters for protein atom HE1 in residue nr. 228 (GLU/GLU). This atom is ignored.
WARNING: No parameters for protein atom HE1 in residue nr. 253 (GLU/GLU). This atom is ignored.
WARNING: No parameters for protein atom HE1 in residue nr. 260 (GLU/GLU). This atom is ignored.
WARNING: No parameters for protein atom HE1 in residue nr. 264 (GLU/GLU). This atom is ignored.
WARNING: No parameters for protein atom HE1 in residue nr. 267 (GLU/GLU). This atom is ignored.
WARNING: No parameters for protein atom HE1 in residue nr. 270 (GLU/GLU). This atom is ignored.
WARNING: No parameters for protein atom HE1 in residue nr. 277 (GLU/GLU). This atom is ignored.
WARNING: No parameters for protein atom HE1 in residue nr. 278 (GLU/GLU). This atom is ignored.
WARNING: No parameters for protein atom HD1 in residue nr. 288 (ASP/ASP). This atom is ignored.
WARNING: No parameters for protein atom HD1 in residue nr. 295 (ASP/ASP). This atom is ignored.
WARNING: No parameters for protein atom HE1 in residue nr. 297 (GLU/GLU). This atom is ignored.
WARNING: No parameters for protein atom HD1 in residue nr. 307 (ASP/ASP). This atom is ignored.
WARNING: No parameters for protein atom HD1 in residue nr. 319 (ASP/ASP). This atom is ignored.
WARNING: No parameters for protein atom HE1 in residue nr. 320 (GLU/GLU). This atom is ignored.
WARNING: No parameters for protein atom HE1 in residue nr. 322 (GLU/GLU). This atom is ignored.
WARNING: No parameters for protein atom HD1 in residue nr. 330 (ASP/ASP). This atom is ignored.
WARNING: No parameters for protein atom HE1 in residue nr. 364 (GLU/GLU). This atom is ignored.
WARNING: No parameters for protein atom HD1 in residue nr. 371 (ASP/ASP). This atom is ignored.
WARNING: No parameters for protein atom HD1 in residue nr. 398 (ASP/ASP). This atom is ignored.
Translated   73 atoms and   80 bonds to cofactor restype=HEM                                                                     
Molecule: restype=HEM
MW =   558.380
Number of HB atoms =     8
Number of rotors    =     0
LogP    =   2.44
Total number of atoms in this molecule =    73
id  vld.  type   xtype    type2   res r_id  name   weight  r   eps  q  XR logp solv hb  occ. bfct  ring origin part #neib #nonh  neib[0..6]                  bond[0..6]                  hb root[0..2]

   1 0    Un     Un       FE      COF 406           0.00   0.0 0.0 0.0 0.0 0.0 0.0  N    0.0 0.0   1    2      1    4     4         2  23  39  55   0   0   0   1   2   3   4   0   0   0 0.0  0.0  0.0
   2 1    N.am   N.ar     NA      COF 406          14.01   1.8 0.0 0.0 1.8 0.1 0.0  A    0.0 0.0   2    2      1    3     3         3  19   1   0   0   0   0   5   6   1   0   0   0   047.7 44.5  9.0
   3 1    C.2    C.ar.x   CN      COF 406          12.01   2.0 0.0 0.0 2.0 0.0 0.0  P    0.0 0.0   2    2      1    3     3         2   4  63   0   0   0   0   5   7   8   0   0   0   0 0.0  0.0  0.0
   4 1    C.2    C.ar     CB      COF 406          12.01   2.0 0.0 0.0 2.0 0.0 0.0  H    0.0 0.0   2    2      1    3     3         3   5  14   0   0   0   0   7   9  10   0   0   0   0 0.0  0.0  0.0
   5 1    C.2    C.2      CT      COF 406          12.01   1.9 0.0 0.0 1.9 0.1 0.0  H    0.0 0.0   0    2      1    4     2         4   8   7   6   0   0   0   9  13  12  11   0   0   0 0.0  0.0  0.0
   6 1    H      H        HC      COF 406           1.00   1.0 0.0 0.0 1.0 0.0 0.0  N    0.0 0.0   0    2      1    1     1         5   0   0   0   0   0   0  11   0   0   0   0   0   0 0.0  0.0  0.0
   7 1    H      H        HC      COF 406           1.00   1.0 0.0 0.0 1.0 0.0 0.0  N    0.0 0.0   0    2      1    1     1         5   0   0   0   0   0   0  12   0   0   0   0   0   0 0.0  0.0  0.0
   8 1    C.2    C.2      CT      COF 406          12.01   1.9 0.0 0.0 1.9 0.1 0.0  H    0.0 0.0   0    2      1    4     2         5  11  10   9   0   0   0  13  16  15  14   0   0   0 0.0  0.0  0.0
   9 1    H      H        HC      COF 406           1.00   1.0 0.0 0.0 1.0 0.0 0.0  N    0.0 0.0   0    2      1    1     1         8   0   0   0   0   0   0  14   0   0   0   0   0   0 0.0  0.0  0.0
  10 1    H      H        HC      COF 406           1.00   1.0 0.0 0.0 1.0 0.0 0.0  N    0.0 0.0   0    2      1    1     1         8   0   0   0   0   0   0  15   0   0   0   0   0   0 0.0  0.0  0.0
  11 1    C.2    C.2.x    C       COF 406          12.01   1.9 0.0 0.0 1.9-0.3 0.0  P    0.0 0.0   0    2      1    3     3        12  13   8   0   0   0   0  17  18  16   0   0   0   0 0.0  0.0  0.0
  12 1    O.2    O.2      O2      COF 406          16.00   1.5 0.0 0.0 1.5-0.4 0.0  A    0.0 0.0   0    2      1    1     1        11   0   0   0   0   0   0  17   0   0   0   0   0   043.1 40.4  9.9
  13 1    O.2    O.2      O2      COF 406          16.00   1.5 0.0 0.0 1.5-0.4 0.0  A    0.0 0.0   0    2      1    1     1        11   0   0   0   0   0   0  18   0   0   0   0   0   043.1 40.4  9.9
  14 1    C.2    C.ar     CB      COF 406          12.01   2.0 0.0 0.0 2.0 0.0 0.0  H    0.0 0.0   2    2      1    3     3         4  15  19   0   0   0   0  10  19  20   0   0   0   0 0.0  0.0  0.0
  15 1    C.2    C.2      CT      COF 406          12.01   1.9 0.0 0.0 1.9 0.4 0.0  H    0.0 0.0   0    2      1    4     1        14  16  17  18   0   0   0  19  21  22  23   0   0   0 0.0  0.0  0.0
  16 1    H      H        HC      COF 406           1.00   1.0 0.0 0.0 1.0 0.0 0.0  N    0.0 0.0   0    2      1    1     1        15   0   0   0   0   0   0  21   0   0   0   0   0   0 0.0  0.0  0.0
  17 1    H      H        HC      COF 406           1.00   1.0 0.0 0.0 1.0 0.0 0.0  N    0.0 0.0   0    2      1    1     1        15   0   0   0   0   0   0  22   0   0   0   0   0   0 0.0  0.0  0.0
  18 1    H      H        HC      COF 406           1.00   1.0 0.0 0.0 1.0 0.0 0.0  N    0.0 0.0   0    2      1    1     1        15   0   0   0   0   0   0  23   0   0   0   0   0   0 0.0  0.0  0.0
  19 1    C.2    C.ar.x   CN      COF 406          12.01   2.0 0.0 0.0 2.0 0.0 0.0  P    0.0 0.0   2    2      1    3     3         2  14  20   0   0   0   0   6  20  24   0   0   0   0 0.0  0.0  0.0
  20 1    C.2    C.2      CA      COF 406          12.01   1.9 0.0 0.0 1.9 0.1 0.0  H    0.0 0.0   1    2      1    3     2        19  22  21   0   0   0   0  24  26  25   0   0   0   0 0.0  0.0  0.0
  21 1    H      H        HA      COF 406           1.00   1.0 0.0 0.0 1.0 0.0 0.0  N    0.0 0.0   0    2      1    1     1        20   0   0   0   0   0   0  25   0   0   0   0   0   0 0.0  0.0  0.0
  22 1    C.2    C.ar.x   CN      COF 406          12.01   2.0 0.0 0.0 2.0 0.0 0.0  P    0.0 0.0   2    2      1    3     3        23  20  24   0   0   0   0  27  26  28   0   0   0   0 0.0  0.0  0.0
  23 1    N.am   N.ar     NB      COF 406          14.01   1.8 0.0 0.0 1.8 0.1 0.0  A    0.0 0.0   2    2      1    3     3        22  35   1   0   0   0   0  27  29   2   0   0   0   050.1 45.5  9.1
  24 1    C.2    C.ar     CB      COF 406          12.01   2.0 0.0 0.0 2.0 0.0 0.0  H    0.0 0.0   2    2      1    3     3        22  25  29   0   0   0   0  28  30  31   0   0   0   0 0.0  0.0  0.0
  25 1    C.2    C.2      CT      COF 406          12.01   1.9 0.0 0.0 1.9 0.4 0.0  H    0.0 0.0   0    2      1    4     1        24  26  27  28   0   0   0  30  32  33  34   0   0   0 0.0  0.0  0.0
  26 1    H      H        HC      COF 406           1.00   1.0 0.0 0.0 1.0 0.0 0.0  N    0.0 0.0   0    2      1    1     1        25   0   0   0   0   0   0  32   0   0   0   0   0   0 0.0  0.0  0.0
  27 1    H      H        HC      COF 406           1.00   1.0 0.0 0.0 1.0 0.0 0.0  N    0.0 0.0   0    2      1    1     1        25   0   0   0   0   0   0  33   0   0   0   0   0   0 0.0  0.0  0.0
  28 1    H      H        HC      COF 406           1.00   1.0 0.0 0.0 1.0 0.0 0.0  N    0.0 0.0   0    2      1    1     1        25   0   0   0   0   0   0  34   0   0   0   0   0   0 0.0  0.0  0.0
  29 1    C.2    C.ar     CB      COF 406          12.01   2.0 0.0 0.0 2.0 0.0 0.0  H    0.0 0.0   2    2      1    3     3        24  30  35   0   0   0   0  31  35  36   0   0   0   0 0.0  0.0  0.0
  30 1    C.2    C.2      CM      COF 406          12.01   1.9 0.0 0.0 1.9 0.1 0.0  H    0.0 0.0   0    2      1    3     2        29  32  31   0   0   0   0  35  38  37   0   0   0   0 0.0  0.0  0.0
  31 1    H      H        HC      COF 406           1.00   1.0 0.0 0.0 1.0 0.0 0.0  N    0.0 0.0   0    2      1    1     1        30   0   0   0   0   0   0  37   0   0   0   0   0   0 0.0  0.0  0.0
  32 1    C.2    C.2      CM      COF 406          12.01   1.9 0.0 0.0 1.9 0.4 0.0  H    0.0 0.0   0    2      1    3     1        30  33  34   0   0   0   0  38  39  40   0   0   0   0 0.0  0.0  0.0
  33 1    H      H        HC      COF 406           1.00   1.0 0.0 0.0 1.0 0.0 0.0  N    0.0 0.0   0    2      1    1     1        32   0   0   0   0   0   0  39   0   0   0   0   0   0 0.0  0.0  0.0
  34 1    H      H        HC      COF 406           1.00   1.0 0.0 0.0 1.0 0.0 0.0  N    0.0 0.0   0    2      1    1     1        32   0   0   0   0   0   0  40   0   0   0   0   0   0 0.0  0.0  0.0
  35 1    C.2    C.ar.x   CN      COF 406          12.01   2.0 0.0 0.0 2.0 0.0 0.0  P    0.0 0.0   2    2      1    3     3        23  29  36   0   0   0   0  29  36  41   0   0   0   0 0.0  0.0  0.0
  36 1    C.2    C.2      CA      COF 406          12.01   1.9 0.0 0.0 1.9 0.1 0.0  H    0.0 0.0   1    2      1    3     2        35  38  37   0   0   0   0  41  43  42   0   0   0   0 0.0  0.0  0.0
  37 1    H      H        HA      COF 406           1.00   1.0 0.0 0.0 1.0 0.0 0.0  N    0.0 0.0   0    2      1    1     1        36   0   0   0   0   0   0  42   0   0   0   0   0   0 0.0  0.0  0.0
  38 1    C.2    C.ar.x   CN      COF 406          12.01   2.0 0.0 0.0 2.0 0.0 0.0  P    0.0 0.0   2    2      1    3     3        39  36  40   0   0   0   0  44  43  45   0   0   0   0 0.0  0.0  0.0
  39 1    N.am   N.ar     NA      COF 406          14.01   1.8 0.0 0.0 1.8 0.1 0.0  A    0.0 0.0   2    2      1    3     3        38  51   1   0   0   0   0  44  46   3   0   0   0   049.0 48.0  9.3
  40 1    C.2    C.ar     CB      COF 406          12.01   2.0 0.0 0.0 2.0 0.0 0.0  H    0.0 0.0   2    2      1    3     3        38  41  45   0   0   0   0  45  47  48   0   0   0   0 0.0  0.0  0.0
  41 1    C.2    C.2      CT      COF 406          12.01   1.9 0.0 0.0 1.9 0.4 0.0  H    0.0 0.0   0    2      1    4     1        40  42  43  44   0   0   0  47  49  50  51   0   0   0 0.0  0.0  0.0
  42 1    H      H        HC      COF 406           1.00   1.0 0.0 0.0 1.0 0.0 0.0  N    0.0 0.0   0    2      1    1     1        41   0   0   0   0   0   0  49   0   0   0   0   0   0 0.0  0.0  0.0
  43 1    H      H        HC      COF 406           1.00   1.0 0.0 0.0 1.0 0.0 0.0  N    0.0 0.0   0    2      1    1     1        41   0   0   0   0   0   0  50   0   0   0   0   0   0 0.0  0.0  0.0
  44 1    H      H        HC      COF 406           1.00   1.0 0.0 0.0 1.0 0.0 0.0  N    0.0 0.0   0    2      1    1     1        41   0   0   0   0   0   0  51   0   0   0   0   0   0 0.0  0.0  0.0
  45 1    C.2    C.ar     CB      COF 406          12.01   2.0 0.0 0.0 2.0 0.0 0.0  H    0.0 0.0   2    2      1    3     3        40  46  51   0   0   0   0  48  52  53   0   0   0   0 0.0  0.0  0.0
  46 1    C.2    C.2      CM      COF 406          12.01   1.9 0.0 0.0 1.9 0.1 0.0  H    0.0 0.0   0    2      1    3     2        45  48  47   0   0   0   0  52  55  54   0   0   0   0 0.0  0.0  0.0
  47 1    H      H        HC      COF 406           1.00   1.0 0.0 0.0 1.0 0.0 0.0  N    0.0 0.0   0    2      1    1     1        46   0   0   0   0   0   0  54   0   0   0   0   0   0 0.0  0.0  0.0
  48 1    C.2    C.2      CM      COF 406          12.01   1.9 0.0 0.0 1.9 0.4 0.0  H    0.0 0.0   0    2      1    3     1        46  49  50   0   0   0   0  55  56  57   0   0   0   0 0.0  0.0  0.0
  49 1    H      H        HC      COF 406           1.00   1.0 0.0 0.0 1.0 0.0 0.0  N    0.0 0.0   0    2      1    1     1        48   0   0   0   0   0   0  56   0   0   0   0   0   0 0.0  0.0  0.0
  50 1    H      H        HC      COF 406           1.00   1.0 0.0 0.0 1.0 0.0 0.0  N    0.0 0.0   0    2      1    1     1        48   0   0   0   0   0   0  57   0   0   0   0   0   0 0.0  0.0  0.0
  51 1    C.2    C.ar.x   CN      COF 406          12.01   2.0 0.0 0.0 2.0 0.0 0.0  P    0.0 0.0   2    2      1    3     3        39  45  52   0   0   0   0  46  53  58   0   0   0   0 0.0  0.0  0.0
  52 1    C.2    C.2      CA      COF 406          12.01   1.9 0.0 0.0 1.9 0.1 0.0  H    0.0 0.0   1    2      1    3     2        51  54  53   0   0   0   0  58  60  59   0   0   0   0 0.0  0.0  0.0
  53 1    H      H        HA      COF 406           1.00   1.0 0.0 0.0 1.0 0.0 0.0  N    0.0 0.0   0    2      1    1     1        52   0   0   0   0   0   0  59   0   0   0   0   0   0 0.0  0.0  0.0
  54 1    C.2    C.ar.x   CN      COF 406          12.01   2.0 0.0 0.0 2.0 0.0 0.0  P    0.0 0.0   2    2      1    3     3        55  52  56   0   0   0   0  61  60  62   0   0   0   0 0.0  0.0  0.0
  55 1    N.am   N.ar     NB      COF 406          14.01   1.8 0.0 0.0 1.8 0.1 0.0  A    0.0 0.0   2    2      1    3     3        54  62   1   0   0   0   0  61  63   4   0   0   0   046.6 46.9  9.0
  56 1    C.2    C.ar     CB      COF 406          12.01   2.0 0.0 0.0 2.0 0.0 0.0  H    0.0 0.0   2    2      1    3     3        54  57  61   0   0   0   0  62  64  65   0   0   0   0 0.0  0.0  0.0
  57 1    C.2    C.2      CT      COF 406          12.01   1.9 0.0 0.0 1.9 0.4 0.0  H    0.0 0.0   0    2      1    4     1        56  58  59  60   0   0   0  64  66  67  68   0   0   0 0.0  0.0  0.0
  58 1    H      H        HC      COF 406           1.00   1.0 0.0 0.0 1.0 0.0 0.0  N    0.0 0.0   0    2      1    1     1        57   0   0   0   0   0   0  66   0   0   0   0   0   0 0.0  0.0  0.0
  59 1    H      H        HC      COF 406           1.00   1.0 0.0 0.0 1.0 0.0 0.0  N    0.0 0.0   0    2      1    1     1        57   0   0   0   0   0   0  67   0   0   0   0   0   0 0.0  0.0  0.0
  60 1    H      H        HC      COF 406           1.00   1.0 0.0 0.0 1.0 0.0 0.0  N    0.0 0.0   0    2      1    1     1        57   0   0   0   0   0   0  68   0   0   0   0   0   0 0.0  0.0  0.0
  61 1    C.2    C.ar     CB      COF 406          12.01   2.0 0.0 0.0 2.0 0.0 0.0  H    0.0 0.0   2    2      1    3     3        56  62  65   0   0   0   0  65  69  70   0   0   0   0 0.0  0.0  0.0
  62 1    C.2    C.ar.x   CN      COF 406          12.01   2.0 0.0 0.0 2.0 0.0 0.0  P    0.0 0.0   2    2      1    3     3        55  61  63   0   0   0   0  63  69  71   0   0   0   0 0.0  0.0  0.0
  63 1    C.2    C.2      CA      COF 406          12.01   1.9 0.0 0.0 1.9 0.1 0.0  H    0.0 0.0   1    2      1    3     2         3  62  64   0   0   0   0   8  71  72   0   0   0   0 0.0  0.0  0.0
  64 1    H      H        HA      COF 406           1.00   1.0 0.0 0.0 1.0 0.0 0.0  N    0.0 0.0   0    2      1    1     1        63   0   0   0   0   0   0  72   0   0   0   0   0   0 0.0  0.0  0.0
  65 1    C.2    C.2      CT      COF 406          12.01   1.9 0.0 0.0 1.9 0.1 0.0  H    0.0 0.0   0    2      1    4     2        61  68  67  66   0   0   0  70  75  74  73   0   0   0 0.0  0.0  0.0
  66 1    H      H        HC      COF 406           1.00   1.0 0.0 0.0 1.0 0.0 0.0  N    0.0 0.0   0    2      1    1     1        65   0   0   0   0   0   0  73   0   0   0   0   0   0 0.0  0.0  0.0
  67 1    H      H        HC      COF 406           1.00   1.0 0.0 0.0 1.0 0.0 0.0  N    0.0 0.0   0    2      1    1     1        65   0   0   0   0   0   0  74   0   0   0   0   0   0 0.0  0.0  0.0
  68 1    C.2    C.2      CT      COF 406          12.01   1.9 0.0 0.0 1.9 0.1 0.0  H    0.0 0.0   0    2      1    4     2        65  71  70  69   0   0   0  75  78  77  76   0   0   0 0.0  0.0  0.0
  69 1    H      H        HC      COF 406           1.00   1.0 0.0 0.0 1.0 0.0 0.0  N    0.0 0.0   0    2      1    1     1        68   0   0   0   0   0   0  76   0   0   0   0   0   0 0.0  0.0  0.0
  70 1    H      H        HC      COF 406           1.00   1.0 0.0 0.0 1.0 0.0 0.0  N    0.0 0.0   0    2      1    1     1        68   0   0   0   0   0   0  77   0   0   0   0   0   0 0.0  0.0  0.0
  71 1    C.2    C.2.x    C       COF 406          12.01   1.9 0.0 0.0 1.9-0.3 0.0  P    0.0 0.0   0    2      1    3     3        72  73  68   0   0   0   0  79  80  78   0   0   0   0 0.0  0.0  0.0
  72 1    O.2    O.2      O2      COF 406          16.00   1.5 0.0 0.0 1.5-0.4 0.0  A    0.0 0.0   0    2      1    1     1        71   0   0   0   0   0   0  79   0   0   0   0   0   040.7 46.1  7.3
  73 1    O.2    O.2      O2      COF 406          16.00   1.5 0.0 0.0 1.5-0.4 0.0  A    0.0 0.0   0    2      1    1     1        71   0   0   0   0   0   0  80   0   0   0   0   0   040.7 46.1  7.3
Total number of bonds in this molecule =     80
id      valid  atom_1 atom_2  type  ring  part  num_neib  neib[0:5]
   1        1     1      2    1        1     1     5         2    3    4    5    6    0
   2        1     1     23    1        1     1     5         1    3    4   27   29    0
   3        1     1     39    1        1     1     5         1    2    4   44   46    0
   4        1     1     55    1        1     1     5         1    2    3   61   63    0
   5        1     2      3    ar       2     1     4         1    6    7    8    0    0
   6        1     2     19    ar       2     1     4         1    5   20   24    0    0
   7        1     3      4    ar       2     1     4         5    8    9   10    0    0
   8        1     3     63    ar       1     1     4         5    7   71   72    0    0
   9        1     4      5    1        0     1     5         7   10   11   12   13    0
  10        1     4     14    1        2     1     4         7    9   19   20    0    0
  11        1     5      6    1        0     1     3         9   12   13    0    0    0
  12        1     5      7    1        0     1     3         9   11   13    0    0    0
  13        1     5      8    1        0     1     6         9   11   12   14   15   16
  14        1     8      9    1        0     1     3        13   15   16    0    0    0
  15        1     8     10    1        0     1     3        13   14   16    0    0    0
  16        1     8     11    1        0     1     5        13   14   15   17   18    0
  17        1    11     12    1        0     1     2        16   18    0    0    0    0
  18        1    11     13    1        0     1     2        16   17    0    0    0    0
  19        1    14     15    1        0     1     5        10   20   21   22   23    0
  20        1    14     19    ar       2     1     4         6   10   19   24    0    0
  21        1    15     16    1        0     1     3        19   22   23    0    0    0
  22        1    15     17    1        0     1     3        19   21   23    0    0    0
  23        1    15     18    1        0     1     3        19   21   22    0    0    0
  24        1    19     20    ar       1     1     4         6   20   25   26    0    0
  25        1    20     21    1        0     1     2        24   26    0    0    0    0
  26        1    20     22    ar       1     1     4        24   25   27   28    0    0
  27        1    22     23    1        2     1     4         2   26   28   29    0    0
  28        1    22     24    ar       2     1     4        26   27   30   31    0    0
  29        1    23     35    1        2     1     4         2   27   36   41    0    0
  30        1    24     25    1        0     1     5        28   31   32   33   34    0
  31        1    24     29    1        2     1     4        28   30   35   36    0    0
  32        1    25     26    1        0     1     3        30   33   34    0    0    0
  33        1    25     27    1        0     1     3        30   32   34    0    0    0
  34        1    25     28    1        0     1     3        30   32   33    0    0    0
  35        1    29     30    1        0     1     4        31   36   37   38    0    0
  36        1    29     35    ar       2     1     4        29   31   35   41    0    0
  37        1    30     31    1        0     1     2        35   38    0    0    0    0
  38        1    30     32    1        0     1     4        35   37   39   40    0    0
  39        1    32     33    1        0     1     2        38   40    0    0    0    0
  40        1    32     34    1        0     1     2        38   39    0    0    0    0
  41        1    35     36    ar       1     1     4        29   36   42   43    0    0
  42        1    36     37    1        0     1     2        41   43    0    0    0    0
  43        1    36     38    ar       1     1     4        41   42   44   45    0    0
  44        1    38     39    ar       2     1     4         3   43   45   46    0    0
  45        1    38     40    ar       2     1     4        43   44   47   48    0    0
  46        1    39     51    ar       2     1     4         3   44   53   58    0    0
  47        1    40     41    1        0     1     5        45   48   49   50   51    0
  48        1    40     45    1        2     1     4        45   47   52   53    0    0
  49        1    41     42    1        0     1     3        47   50   51    0    0    0
  50        1    41     43    1        0     1     3        47   49   51    0    0    0
  51        1    41     44    1        0     1     3        47   49   50    0    0    0
  52        1    45     46    1        0     1     4        48   53   54   55    0    0
  53        1    45     51    ar       2     1     4        46   48   52   58    0    0
  54        1    46     47    1        0     1     2        52   55    0    0    0    0
  55        1    46     48    1        0     1     4        52   54   56   57    0    0
  56        1    48     49    1        0     1     2        55   57    0    0    0    0
  57        1    48     50    1        0     1     2        55   56    0    0    0    0
  58        1    51     52    ar       1     1     4        46   53   59   60    0    0
  59        1    52     53    1        0     1     2        58   60    0    0    0    0
  60        1    52     54    ar       1     1     4        58   59   61   62    0    0
  61        1    54     55    1        2     1     4         4   60   62   63    0    0
  62        1    54     56    ar       2     1     4        60   61   64   65    0    0
  63        1    55     62    1        2     1     4         4   61   69   71    0    0
  64        1    56     57    1        0     1     5        62   65   66   67   68    0
  65        1    56     61    1        2     1     4        62   64   69   70    0    0
  66        1    57     58    1        0     1     3        64   67   68    0    0    0
  67        1    57     59    1        0     1     3        64   66   68    0    0    0
  68        1    57     60    1        0     1     3        64   66   67    0    0    0
  69        1    61     62    ar       2     1     4        63   65   70   71    0    0
  70        1    61     65    1        0     1     5        65   69   73   74   75    0
  71        1    62     63    ar       1     1     4         8   63   69   72    0    0
  72        1    63     64    1        0     1     2         8   71    0    0    0    0
  73        1    65     66    1        0     1     3        70   74   75    0    0    0
  74        1    65     67    1        0     1     3        70   73   75    0    0    0
  75        1    65     68    1        0     1     6        70   73   74   76   77   78
  76        1    68     69    1        0     1     3        75   77   78    0    0    0
  77        1    68     70    1        0     1     3        75   76   78    0    0    0
  78        1    68     71    1        0     1     5        75   76   77   79   80    0
  79        1    71     72    1        0     1     2        78   80    0    0    0    0
  80        1    71     73    1        0     1     2        78   79    0    0    0    0
Total number of aromatic rings in this molecule =    4
id  vld. type size    atoms (first-last)  centroid
  1  1   2     5          2    19          47.2  43.2    9.0
  2  1   2     5         22    24          51.4  45.0    9.3
  3  1   2     5         38    40          49.5  49.2    9.5
  4  1   2     5         54    56          45.4  47.4    9.0
WARNING: 2531 atoms (out of 6455) in lig (protein) will be ignored. Note that nonpolar hydrogens are automatically ignored.
Scoring initial configuration
                              VDW    HB      HP    HM      HS     RT     SCORE
  1  C.2                     27.9   0.00   9.05    0.05  0.00    0.0     0.458
  2  C.2                     30.3   0.00   0.00    0.00  0.00    0.0     0.434
  3  C.2                     28.1   0.00   6.12    0.14 27.91    0.0     0.499
  4  C.2                     26.0   0.00   8.64    0.01 13.07    0.0     0.462
  5  C.2                     27.5   0.00  10.21    0.14 31.90    0.0     0.514
  6  C.2                     26.6   0.00   8.60    0.14 23.92    0.0     0.495
  7  C.2                     27.0   0.00   9.68    0.05  0.00    0.0     0.457
  8  C.2                     28.3   0.00  10.82    0.42 45.85    0.0     0.574
  9  C.2                     28.3   0.00  10.65    0.42 45.19    0.0     0.573
 10  C.2                     18.7   0.00  10.40    0.42 42.75    0.0     0.531
 11  S.3                     39.7   0.00  12.72    0.42 66.73    0.0     0.653
 12  H                        0.0   0.00   0.00    0.00  0.00    0.0     0.000
 13  H                        0.0   0.00   0.00    0.00  0.00    0.0     0.000
 14  H                        0.0   0.00   0.00    0.00  0.00    0.0     0.000
 15  H                        0.0   0.00   0.00    0.00  0.00    0.0     0.000
 16  H                        0.0   0.00   0.00    0.00  0.00    0.0     0.000
 17  H                        0.0   0.00   0.00    0.00  0.00    0.0     0.000
 18  H                        0.0   0.00   0.00    0.00  0.00    0.0     0.000
 19  H                        0.0   0.00   0.00    0.00  0.00    0.0     0.000
 20  H                        0.0   0.00   0.00    0.00  0.00    0.0     0.000
 21  H                        0.0   0.00   0.00    0.00  0.00    0.0     0.000
 22  H                        0.0   0.00   0.00    0.00  0.00    0.0     0.000
 23  H                        0.0   0.00   0.00    0.00  0.00    0.0     0.000
 24  H                        0.0   0.00   0.00    0.00  0.00    0.0     0.000
 25  H                        0.0   0.00   0.00    0.00  0.00    0.0     0.000
 26  H                        0.0   0.00   0.00    0.00  0.00    0.0     0.000
 27  H                        0.0   0.00   0.00    0.00  0.00    0.0     0.000
                            --------------------------------------------------
                            308.4   0.00   96.9    2.20 297.3    0.0     5.650
---------------------- Help for reading coordinate files ---------------------
Enter names of coordinate files (restart or trajectory) on separate lines
Terminate with EOF or period (.).
========================= List of defined calculations ========================
 1 X-Score calculation using   6803 atoms                      
----------------------------- Calculation results ----------------------------
file               frame  1:                              VDW    HB      HP    HM      HS     RT     SCORE
 
dc1.d...               1                             301.4   0.00  106.1    2.20 301.3    0.0     5.655
 
dc1.d...               2                             324.9   0.00  104.7    2.20 301.2    0.0     5.744
 
dc1.d...               3                             302.2   0.00   92.1    2.20 301.2    0.0     5.616
 
dc1.d...               4                             307.9   0.00  102.7    2.20 299.1    0.0     5.667
 
dc1.d...               5                             314.9   0.00  104.6    2.20 301.2    0.0     5.704
 
dc1.d...               6                             304.3   0.00  100.7    2.20 301.4    0.0     5.650
 
dc1.d...               7                             315.7   0.00  102.0    2.20 302.3    0.0     5.701
 
dc1.d...               8                             309.5   0.00   94.9    2.20 300.8    0.0     5.653
 
dc1.d...               9                             309.2   0.00   96.3    2.20 297.4    0.0     5.651
 
dc1.d...              10                             313.2   0.00   96.3    2.20 301.4    0.0     5.673
 
dc1.d...              11                             317.5   0.00   97.4    2.20 297.7    0.0     5.688
 
dc1.d...              12                             326.1   0.00  106.1    2.20 305.1    0.0     5.759
 
dc1.d...              13                             328.5   0.00  106.9    2.20 298.5    0.0     5.762
 
dc1.d...              14                             316.0   0.00  100.9    2.20 303.6    0.0     5.700
 
dc1.d...              15                             325.8   0.00   98.8    2.20 298.0    0.0     5.726
 
dc1.d...              16                             314.7   0.00   99.2    2.20 302.0    0.0     5.688
 
dc1.d...              17                             309.4   0.00  102.4    2.20 300.9    0.0     5.675
 
dc1.d...              18                             306.1   0.00   96.8    2.20 297.5    0.0     5.641
 
dc1.d...              19                             315.9   0.00  102.5    2.20 301.7    0.0     5.702
 
dc1.d...              20                             314.3   0.00  103.4    2.20 303.4    0.0     5.701
 
dc1.d...              21                             316.8   0.00  107.4    2.20 298.7    0.0     5.717
 
dc1.d...              22                             309.7   0.00  104.0    2.20 300.8    0.0     5.681
 
dc1.d...              23                             309.7   0.00   95.6    2.20 301.3    0.0     5.657
 
dc1.d...              24                             309.4   0.00   93.5    2.20 301.8    0.0     5.650
 
dc1.d...              25                             309.2   0.00  101.5    2.20 297.9    0.0     5.668
 
processed frames:   25        VDW    HB      HP    HM      HS     RT     SCORE
                            313.3   0.0   100.7   2.2   300.7    0.0      5.69
WARNING: There were  51 warnings.
