###############################################################################
Welcome to Qcalc version 5.01
 
Qcalc works in three stages:
1. Load topology.
2. Set up a list of calculations to make.
3. Read coordinates from trajectory and/or restart files and calculate.
--> Topology file: Loading topology cqo.top
---------------------------- Reading topology file ---------------------------
lig                                                                             

No. of solute atoms     =       6481
No. of solvent atoms    =        324
No. of coordinates      =      20415
No. of atom type codes  =       6805
No. of solute bonds     =       6568
No. of solvent bonds    =        324
No. of solute angles    =      11844
No. of solvent angles   =        108
No. of solute torsions  =      24448
No. of solvent torsions =          0
No. of solute impropers =       1293
No. of solvent impropers=          0
No. of atomic charges   =       6805
No. of solute chargegrps=        713
No. of solvent chargegps=        108
Charge group cut-off    : Switching atoms
vdW  rule [ 1=G / 2=A ] =          1
El-static 1-4 damping   =      0.500
Coulomb constant        =   332.0000
No. of atom types       =         40
No. of LJ type 2 pairs  =          0
No. of heavy atoms      =       3370
No. of 1-4 neighbours   =      17337
No. long-range 1-4 nbrs =         43
No. of nbor exclusions  =      18829
No. of long-range excls =         15
No. of residues         =        515
No of solute residues   =        407
No. of molecules        =        111
Atom type names         =         40
SYBYL atom types        =         40
Boundary: sphere
Exclusion radius        =     18.000
Eff. solvent radius     =     16.940
Solute centre           =     46.508    44.528    14.647
Solvent centre          =     46.508    44.528    14.647
No. of excluded atoms   =       4080
Molecular topology read successfully.

========================== List of calculation types =========================
   description                             command
 1 RMS coord. deviation                    rmsd          
 2 Least squares fit                       fit           
 3 Distance, bond energy                   dist          
 4 Angle, angle energy                     angle         
 5 Torsion, torsion energy                 torsion       
 6 Entropy [Schlitters formula]            entropy       
 7 Nonbonded monitor                       nonbond       
 8 Residue nonbond monitor                 nb_prot_qatom 
 9 ChemScore                               chemscore     
10 X-Score                                 xscore        
11 PMF-Score                               pmfscore      
   Show list of calculations+menu          list
   Proceed to next phase                   go
Qcalc> Mask:Added 6481 atoms to the mask which now contains 6481 atoms.
Mask:Score initial topology? (yes/no)Q-atom (FEP) file: Cofactor (. or EOL terminates): Cofactor (. or EOL terminates): FF translation key: Scroring parameters: Added calc. # 1: X-Score calculation using   6805 atoms                      
Qcalc> Read   27 residue types from /ibg/courses/1MB280/workshop2005/Q5/residue_def_xtool.dat
Read   55 atom types from /ibg/courses/1MB280/workshop2005/Q5/atom_def_xtool.dat
Read  112 x-atom types from /ibg/courses/1MB280/workshop2005/Q5/atom_def_xlogp.dat
Read   84 atom translations for force field qoplsaa.
Read   35 residues from library.
----------------------------- Reading Q atom list ----------------------------
No. of fep/evb states    =     1
No. of fep/evb atoms     =    26
Atom nos.:  6456  6457  6458  6459  6460  6461  6462  6463  6464  6465
Atom nos.:  6466  6467  6468  6469  6470  6471  6472  6473  6474  6475
Atom nos.:  6476  6477  6478  6479  6480  6481
Translated   26 atoms and   27 bonds to ligand
Molecule: lig
MW =   166.100
Number of HB atoms =     2
Number of rotors    =     0
LogP    =   1.29
Total number of atoms in this molecule =    26
id  vld.  type   xtype    type2   res r_id  name   weight  r   eps  q  XR logp solv hb  occ. bfct  ring origin part #neib #nonh  neib[0..6]                  bond[0..6]                  hb root[0..2]

   1 1    C.2    C.2      CT      CQO 407          12.01   1.9 0.0 0.0 1.9 0.1 0.0  H    1.0 0.0   1    1      1    4     4         2   7  10   6   0   0   0   1   2   3  13   0   0   0 0.0  0.0  0.0
   2 1    C.2    C.2.x    Cket    CQO 407          12.01   1.9 0.0 0.0 1.9 0.0 0.0  P    1.0 0.0   1    1      1    3     3        11   3   1   0   0   0   0   5   4   1   0   0   0   0 0.0  0.0  0.0
   3 1    C.2    C.2.x    Cket    CQO 407          12.01   1.9 0.0 0.0 1.9 0.0 0.0  P    1.0 0.0   1    1      1    3     3        12   4   2   0   0   0   0   7   6   4   0   0   0   0 0.0  0.0  0.0
   4 1    C.2    C.2      CT      CQO 407          12.01   1.9 0.0 0.0 1.9 0.0 0.0  H    1.0 0.0   1    1      1    4     3         3   5   7  14   0   0   0   6   8  16   9   0   0   0 0.0  0.0  0.0
   5 1    C.2    C.2      CT      CQO 407          12.01   1.9 0.0 0.0 1.9 0.1 0.0  H    1.0 0.0   1    1      1    4     2         4   6  15  16   0   0   0   8  10  11  12   0   0   0 0.0  0.0  0.0
   6 1    C.2    C.2      CT      CQO 407          12.01   1.9 0.0 0.0 1.9 0.1 0.0  H    1.0 0.0   1    1      1    4     2         5   1  17  18   0   0   0  10  13  14  15   0   0   0 0.0  0.0  0.0
   7 1    C.2    C.2      CT      CQO 407          12.01   1.9 0.0 0.0 1.9 0.1 0.0  H    1.0 0.0   1    1      1    4     4         1   4   8   9   0   0   0   2  16  17  18   0   0   0 0.0  0.0  0.0
   8 1    C.2    C.2      CT      CQO 407          12.01   1.9 0.0 0.0 1.9 0.4 0.0  H    1.0 0.0   0    1      1    4     1         7  19  20  21   0   0   0  17  19  20  21   0   0   0 0.0  0.0  0.0
   9 1    C.2    C.2      CT      CQO 407          12.01   1.9 0.0 0.0 1.9 0.4 0.0  H    1.0 0.0   0    1      1    4     1         7  22  23  24   0   0   0  18  22  23  24   0   0   0 0.0  0.0  0.0
  10 1    C.2    C.2      CT      CQO 407          12.01   1.9 0.0 0.0 1.9 0.4 0.0  H    1.0 0.0   0    1      1    4     1         1  13  25  26   0   0   0   3  25  26  27   0   0   0 0.0  0.0  0.0
  11 1    O.2    O.2      O       CQO 407          16.00   1.5 0.0 0.0 1.5-0.4 0.0  A    1.0 0.0   0    1      1    1     1         2   0   0   0   0   0   0   5   0   0   0   0   0   044.9 44.5 14.6
  12 1    O.2    O.2      O       CQO 407          16.00   1.5 0.0 0.0 1.5-0.4 0.0  A    1.0 0.0   0    1      1    1     1         3   0   0   0   0   0   0   7   0   0   0   0   0   044.6 44.3 13.1
  13 1    H      H        HC      CQO 407           1.00   1.0 0.0 0.0 1.0 0.0 0.0  N    1.0 0.0   0    1      1    1     1        10   0   0   0   0   0   0  25   0   0   0   0   0   0 0.0  0.0  0.0
  14 1    H      H        HC      CQO 407           1.00   1.0 0.0 0.0 1.0 0.0 0.0  N    1.0 0.0   0    1      1    1     1         4   0   0   0   0   0   0   9   0   0   0   0   0   0 0.0  0.0  0.0
  15 1    H      H        HC      CQO 407           1.00   1.0 0.0 0.0 1.0 0.0 0.0  N    1.0 0.0   0    1      1    1     1         5   0   0   0   0   0   0  11   0   0   0   0   0   0 0.0  0.0  0.0
  16 1    H      H        HC      CQO 407           1.00   1.0 0.0 0.0 1.0 0.0 0.0  N    1.0 0.0   0    1      1    1     1         5   0   0   0   0   0   0  12   0   0   0   0   0   0 0.0  0.0  0.0
  17 1    H      H        HC      CQO 407           1.00   1.0 0.0 0.0 1.0 0.0 0.0  N    1.0 0.0   0    1      1    1     1         6   0   0   0   0   0   0  14   0   0   0   0   0   0 0.0  0.0  0.0
  18 1    H      H        HC      CQO 407           1.00   1.0 0.0 0.0 1.0 0.0 0.0  N    1.0 0.0   0    1      1    1     1         6   0   0   0   0   0   0  15   0   0   0   0   0   0 0.0  0.0  0.0
  19 1    H      H        HC      CQO 407           1.00   1.0 0.0 0.0 1.0 0.0 0.0  N    1.0 0.0   0    1      1    1     1         8   0   0   0   0   0   0  19   0   0   0   0   0   0 0.0  0.0  0.0
  20 1    H      H        HC      CQO 407           1.00   1.0 0.0 0.0 1.0 0.0 0.0  N    1.0 0.0   0    1      1    1     1         8   0   0   0   0   0   0  20   0   0   0   0   0   0 0.0  0.0  0.0
  21 1    H      H        HC      CQO 407           1.00   1.0 0.0 0.0 1.0 0.0 0.0  N    1.0 0.0   0    1      1    1     1         8   0   0   0   0   0   0  21   0   0   0   0   0   0 0.0  0.0  0.0
  22 1    H      H        HC      CQO 407           1.00   1.0 0.0 0.0 1.0 0.0 0.0  N    1.0 0.0   0    1      1    1     1         9   0   0   0   0   0   0  22   0   0   0   0   0   0 0.0  0.0  0.0
  23 1    H      H        HC      CQO 407           1.00   1.0 0.0 0.0 1.0 0.0 0.0  N    1.0 0.0   0    1      1    1     1         9   0   0   0   0   0   0  23   0   0   0   0   0   0 0.0  0.0  0.0
  24 1    H      H        HC      CQO 407           1.00   1.0 0.0 0.0 1.0 0.0 0.0  N    1.0 0.0   0    1      1    1     1         9   0   0   0   0   0   0  24   0   0   0   0   0   0 0.0  0.0  0.0
  25 1    H      H        HC      CQO 407           1.00   1.0 0.0 0.0 1.0 0.0 0.0  N    1.0 0.0   0    1      1    1     1        10   0   0   0   0   0   0  26   0   0   0   0   0   0 0.0  0.0  0.0
  26 1    H      H        HC      CQO 407           1.00   1.0 0.0 0.0 1.0 0.0 0.0  N    1.0 0.0   0    1      1    1     1        10   0   0   0   0   0   0  27   0   0   0   0   0   0 0.0  0.0  0.0
Total number of bonds in this molecule =     27
id      valid  atom_1 atom_2  type  ring  part  num_neib  neib[0:5]
   1        1     1      2    1        1     1     5         2    3    4    5   13    0
   2        1     1      7    1        1     1     6         1    3   13   16   17   18
   3        1     1     10    1        0     1     6         1    2   13   25   26   27
   4        1     2      3    1        1     1     4         1    5    6    7    0    0
   5        1     2     11    ar       0     1     2         1    4    0    0    0    0
   6        1     3      4    1        1     1     5         4    7    8    9   16    0
   7        1     3     12    ar       0     1     2         4    6    0    0    0    0
   8        1     4      5    1        1     1     6         6    9   10   11   12   16
   9        1     4     14    1        0     1     3         6    8   16    0    0    0
  10        1     5      6    1        1     1     6         8   11   12   13   14   15
  11        1     5     15    1        0     1     3         8   10   12    0    0    0
  12        1     5     16    1        0     1     3         8   10   11    0    0    0
  13        1     6      1    1        1     1     6         1    2    3   10   14   15
  14        1     6     17    1        0     1     3        10   13   15    0    0    0
  15        1     6     18    1        0     1     3        10   13   14    0    0    0
  16        1     7      4    1        1     1     6         2    6    8    9   17   18
  17        1     7      8    1        0     1     6         2   16   18   19   20   21
  18        1     7      9    1        0     1     6         2   16   17   22   23   24
  19        1     8     19    1        0     1     3        17   20   21    0    0    0
  20        1     8     20    1        0     1     3        17   19   21    0    0    0
  21        1     8     21    1        0     1     3        17   19   20    0    0    0
  22        1     9     22    1        0     1     3        18   23   24    0    0    0
  23        1     9     23    1        0     1     3        18   22   24    0    0    0
  24        1     9     24    1        0     1     3        18   22   23    0    0    0
  25        1    10     13    1        0     1     3         3   26   27    0    0    0
  26        1    10     25    1        0     1     3         3   25   27    0    0    0
  27        1    10     26    1        0     1     3         3   25   26    0    0    0
Total number of aromatic rings in this molecule =    0
Translated  6455 atoms and  6541 bonds to protein
WARNING: No parameters for protein atom HE1 in residue nr. 11 (GLU/GLU). This atom is ignored.
WARNING: No parameters for protein atom HD1 in residue nr. 16 (ASP/ASP). This atom is ignored.
WARNING: No parameters for protein atom HD1 in residue nr. 18 (ASP/ASP). This atom is ignored.
WARNING: No parameters for protein atom HE1 in residue nr. 31 (GLU/GLU). This atom is ignored.
WARNING: No parameters for protein atom HE1 in residue nr. 38 (GLU/GLU). This atom is ignored.
WARNING: No parameters for protein atom HD1 in residue nr. 43 (ASP/ASP). This atom is ignored.
WARNING: No parameters for protein atom HE1 in residue nr. 64 (GLU/GLU). This atom is ignored.
WARNING: No parameters for protein atom HE1 in residue nr. 67 (GLU/GLU). This atom is ignored.
WARNING: No parameters for protein atom HD1 in residue nr. 68 (ASP/ASP). This atom is ignored.
WARNING: No parameters for protein atom HE1 in residue nr. 75 (GLU/GLU). This atom is ignored.
WARNING: No parameters for protein atom HE1 in residue nr. 82 (GLU/GLU). This atom is ignored.
WARNING: No parameters for protein atom HE1 in residue nr. 85 (GLU/GLU). This atom is ignored.
WARNING: No parameters for protein atom HD1 in residue nr. 95 (ASP/ASP). This atom is ignored.
WARNING: No parameters for protein atom HE1 in residue nr. 98 (GLU/GLU). This atom is ignored.
WARNING: No parameters for protein atom HD1 in residue nr. 116 (ASP/ASP). This atom is ignored.
WARNING: No parameters for protein atom HE1 in residue nr. 119 (GLU/GLU). This atom is ignored.
WARNING: No parameters for protein atom HE1 in residue nr. 124 (GLU/GLU). This atom is ignored.
WARNING: No parameters for protein atom HE1 in residue nr. 131 (GLU/GLU). This atom is ignored.
WARNING: No parameters for protein atom HE1 in residue nr. 143 (GLU/GLU). This atom is ignored.
WARNING: No parameters for protein atom HD1 in residue nr. 144 (ASP/ASP). This atom is ignored.
WARNING: No parameters for protein atom HE1 in residue nr. 147 (GLU/GLU). This atom is ignored.
WARNING: No parameters for protein atom HE1 in residue nr. 162 (GLU/GLU). This atom is ignored.
WARNING: No parameters for protein atom HE1 in residue nr. 163 (GLU/GLU). This atom is ignored.
WARNING: No parameters for protein atom HD1 in residue nr. 164 (ASP/ASP). This atom is ignored.
WARNING: No parameters for protein atom HD1 in residue nr. 179 (ASP/ASP). This atom is ignored.
WARNING: No parameters for protein atom HE1 in residue nr. 186 (GLU/GLU). This atom is ignored.
WARNING: No parameters for protein atom HE1 in residue nr. 189 (GLU/GLU). This atom is ignored.
WARNING: No parameters for protein atom HD1 in residue nr. 193 (ASP/ASP). This atom is ignored.
WARNING: No parameters for protein atom HE1 in residue nr. 200 (GLU/GLU). This atom is ignored.
WARNING: No parameters for protein atom HD1 in residue nr. 209 (ASP/ASP). This atom is ignored.
WARNING: No parameters for protein atom HD1 in residue nr. 227 (ASP/ASP). This atom is ignored.
WARNING: No parameters for protein atom HE1 in residue nr. 228 (GLU/GLU). This atom is ignored.
WARNING: No parameters for protein atom HE1 in residue nr. 253 (GLU/GLU). This atom is ignored.
WARNING: No parameters for protein atom HE1 in residue nr. 260 (GLU/GLU). This atom is ignored.
WARNING: No parameters for protein atom HE1 in residue nr. 264 (GLU/GLU). This atom is ignored.
WARNING: No parameters for protein atom HE1 in residue nr. 267 (GLU/GLU). This atom is ignored.
WARNING: No parameters for protein atom HE1 in residue nr. 270 (GLU/GLU). This atom is ignored.
WARNING: No parameters for protein atom HE1 in residue nr. 277 (GLU/GLU). This atom is ignored.
WARNING: No parameters for protein atom HE1 in residue nr. 278 (GLU/GLU). This atom is ignored.
WARNING: No parameters for protein atom HD1 in residue nr. 288 (ASP/ASP). This atom is ignored.
WARNING: No parameters for protein atom HD1 in residue nr. 295 (ASP/ASP). This atom is ignored.
WARNING: No parameters for protein atom HE1 in residue nr. 297 (GLU/GLU). This atom is ignored.
WARNING: No parameters for protein atom HD1 in residue nr. 307 (ASP/ASP). This atom is ignored.
WARNING: No parameters for protein atom HD1 in residue nr. 319 (ASP/ASP). This atom is ignored.
WARNING: No parameters for protein atom HE1 in residue nr. 320 (GLU/GLU). This atom is ignored.
WARNING: No parameters for protein atom HE1 in residue nr. 322 (GLU/GLU). This atom is ignored.
WARNING: No parameters for protein atom HD1 in residue nr. 330 (ASP/ASP). This atom is ignored.
WARNING: No parameters for protein atom HE1 in residue nr. 364 (GLU/GLU). This atom is ignored.
WARNING: No parameters for protein atom HD1 in residue nr. 371 (ASP/ASP). This atom is ignored.
WARNING: No parameters for protein atom HD1 in residue nr. 398 (ASP/ASP). This atom is ignored.
Translated   73 atoms and   80 bonds to cofactor restype=HEM                                                                     
Molecule: restype=HEM
MW =   558.380
Number of HB atoms =    10
Number of rotors    =     0
LogP    =   2.44
Total number of atoms in this molecule =    73
id  vld.  type   xtype    type2   res r_id  name   weight  r   eps  q  XR logp solv hb  occ. bfct  ring origin part #neib #nonh  neib[0..6]                  bond[0..6]                  hb root[0..2]

   1 0    Un     Un       FE      COF 406           0.00   0.0 0.0 0.0 0.0 0.0 0.0  N    0.0 0.0   1    2      1    4     4         2  23  39  55   0   0   0   1   2   3   4   0   0   0 0.0  0.0  0.0
   2 1    N.am   N.ar     NA      COF 406          14.01   1.8 0.0 0.0 1.8 0.1 0.0  A    0.0 0.0   2    2      1    3     3         3  19   1   0   0   0   0   5   6   1   0   0   0   047.7 44.5  9.0
   3 1    C.2    C.ar.x   CN      COF 406          12.01   2.0 0.0 0.0 2.0 0.0 0.0  P    0.0 0.0   2    2      1    3     3         2   4  63   0   0   0   0   5   7   8   0   0   0   0 0.0  0.0  0.0
   4 1    C.2    C.ar     CB      COF 406          12.01   2.0 0.0 0.0 2.0 0.0 0.0  H    0.0 0.0   2    2      1    3     3         3   5  14   0   0   0   0   7   9  10   0   0   0   0 0.0  0.0  0.0
   5 1    C.2    C.2      CT      COF 406          12.01   1.9 0.0 0.0 1.9 0.1 0.0  H    0.0 0.0   0    2      1    4     2         4   8   7   6   0   0   0   9  13  12  11   0   0   0 0.0  0.0  0.0
   6 1    H      H        HC      COF 406           1.00   1.0 0.0 0.0 1.0 0.0 0.0  N    0.0 0.0   0    2      1    1     1         5   0   0   0   0   0   0  11   0   0   0   0   0   0 0.0  0.0  0.0
   7 1    H      H        HC      COF 406           1.00   1.0 0.0 0.0 1.0 0.0 0.0  N    0.0 0.0   0    2      1    1     1         5   0   0   0   0   0   0  12   0   0   0   0   0   0 0.0  0.0  0.0
   8 1    C.2    C.2      CT      COF 406          12.01   1.9 0.0 0.0 1.9 0.1 0.0  H    0.0 0.0   0    2      1    4     2         5  11  10   9   0   0   0  13  16  15  14   0   0   0 0.0  0.0  0.0
   9 1    H      H        HC      COF 406           1.00   1.0 0.0 0.0 1.0 0.0 0.0  N    0.0 0.0   0    2      1    1     1         8   0   0   0   0   0   0  14   0   0   0   0   0   0 0.0  0.0  0.0
  10 1    H      H        HC      COF 406           1.00   1.0 0.0 0.0 1.0 0.0 0.0  N    0.0 0.0   0    2      1    1     1         8   0   0   0   0   0   0  15   0   0   0   0   0   0 0.0  0.0  0.0
  11 1    C.2    C.2.x    C       COF 406          12.01   1.9 0.0 0.0 1.9-0.3 0.0  P    0.0 0.0   0    2      1    3     3        12  13   8   0   0   0   0  17  18  16   0   0   0   0 0.0  0.0  0.0
  12 1    O.2    O.2      O2      COF 406          16.00   1.5 0.0 0.0 1.5-0.4 0.0  A    0.0 0.0   0    2      1    1     1        11   0   0   0   0   0   0  17   0   0   0   0   0   043.1 40.4  9.9
  13 1    O.2    O.2      O2      COF 406          16.00   1.5 0.0 0.0 1.5-0.4 0.0  A    0.0 0.0   0    2      1    1     1        11   0   0   0   0   0   0  18   0   0   0   0   0   043.1 40.4  9.9
  14 1    C.2    C.ar     CB      COF 406          12.01   2.0 0.0 0.0 2.0 0.0 0.0  H    0.0 0.0   2    2      1    3     3         4  15  19   0   0   0   0  10  19  20   0   0   0   0 0.0  0.0  0.0
  15 1    C.2    C.2      CT      COF 406          12.01   1.9 0.0 0.0 1.9 0.4 0.0  H    0.0 0.0   0    2      1    4     1        14  16  17  18   0   0   0  19  21  22  23   0   0   0 0.0  0.0  0.0
  16 1    H      H        HC      COF 406           1.00   1.0 0.0 0.0 1.0 0.0 0.0  N    0.0 0.0   0    2      1    1     1        15   0   0   0   0   0   0  21   0   0   0   0   0   0 0.0  0.0  0.0
  17 1    H      H        HC      COF 406           1.00   1.0 0.0 0.0 1.0 0.0 0.0  N    0.0 0.0   0    2      1    1     1        15   0   0   0   0   0   0  22   0   0   0   0   0   0 0.0  0.0  0.0
  18 1    H      H        HC      COF 406           1.00   1.0 0.0 0.0 1.0 0.0 0.0  N    0.0 0.0   0    2      1    1     1        15   0   0   0   0   0   0  23   0   0   0   0   0   0 0.0  0.0  0.0
  19 1    C.2    C.ar.x   CN      COF 406          12.01   2.0 0.0 0.0 2.0 0.0 0.0  P    0.0 0.0   2    2      1    3     3         2  14  20   0   0   0   0   6  20  24   0   0   0   0 0.0  0.0  0.0
  20 1    C.2    C.2      CA      COF 406          12.01   1.9 0.0 0.0 1.9 0.1 0.0  H    0.0 0.0   1    2      1    3     2        19  22  21   0   0   0   0  24  26  25   0   0   0   0 0.0  0.0  0.0
  21 1    H      H        HA      COF 406           1.00   1.0 0.0 0.0 1.0 0.0 0.0  N    0.0 0.0   0    2      1    1     1        20   0   0   0   0   0   0  25   0   0   0   0   0   0 0.0  0.0  0.0
  22 1    C.2    C.ar.x   CN      COF 406          12.01   2.0 0.0 0.0 2.0 0.0 0.0  P    0.0 0.0   2    2      1    3     3        23  20  24   0   0   0   0  27  26  28   0   0   0   0 0.0  0.0  0.0
  23 1    N.am   N.ar     NB      COF 406          14.01   1.8 0.0 0.0 1.8 0.1 0.0  A    0.0 0.0   2    2      1    3     3        22  35   1   0   0   0   0  27  29   2   0   0   0   050.1 45.5  9.1
  24 1    C.2    C.ar     CB      COF 406          12.01   2.0 0.0 0.0 2.0 0.0 0.0  H    0.0 0.0   2    2      1    3     3        22  25  29   0   0   0   0  28  30  31   0   0   0   0 0.0  0.0  0.0
  25 1    C.2    C.2      CT      COF 406          12.01   1.9 0.0 0.0 1.9 0.4 0.0  H    0.0 0.0   0    2      1    4     1        24  26  27  28   0   0   0  30  32  33  34   0   0   0 0.0  0.0  0.0
  26 1    H      H        HC      COF 406           1.00   1.0 0.0 0.0 1.0 0.0 0.0  N    0.0 0.0   0    2      1    1     1        25   0   0   0   0   0   0  32   0   0   0   0   0   0 0.0  0.0  0.0
  27 1    H      H        HC      COF 406           1.00   1.0 0.0 0.0 1.0 0.0 0.0  N    0.0 0.0   0    2      1    1     1        25   0   0   0   0   0   0  33   0   0   0   0   0   0 0.0  0.0  0.0
  28 1    H      H        HC      COF 406           1.00   1.0 0.0 0.0 1.0 0.0 0.0  N    0.0 0.0   0    2      1    1     1        25   0   0   0   0   0   0  34   0   0   0   0   0   0 0.0  0.0  0.0
  29 1    C.2    C.ar     CB      COF 406          12.01   2.0 0.0 0.0 2.0 0.0 0.0  H    0.0 0.0   2    2      1    3     3        24  30  35   0   0   0   0  31  35  36   0   0   0   0 0.0  0.0  0.0
  30 1    C.2    C.2      CM      COF 406          12.01   1.9 0.0 0.0 1.9 0.1 0.0  H    0.0 0.0   0    2      1    3     2        29  32  31   0   0   0   0  35  38  37   0   0   0   0 0.0  0.0  0.0
  31 1    H      H        HC      COF 406           1.00   1.0 0.0 0.0 1.0 0.0 0.0  N    0.0 0.0   0    2      1    1     1        30   0   0   0   0   0   0  37   0   0   0   0   0   0 0.0  0.0  0.0
  32 1    C.2    C.2      CM      COF 406          12.01   1.9 0.0 0.0 1.9 0.4 0.0  H    0.0 0.0   0    2      1    3     1        30  33  34   0   0   0   0  38  39  40   0   0   0   0 0.0  0.0  0.0
  33 1    H      H        HC      COF 406           1.00   1.0 0.0 0.0 1.0 0.0 0.0  N    0.0 0.0   0    2      1    1     1        32   0   0   0   0   0   0  39   0   0   0   0   0   0 0.0  0.0  0.0
  34 1    H      H        HC      COF 406           1.00   1.0 0.0 0.0 1.0 0.0 0.0  N    0.0 0.0   0    2      1    1     1        32   0   0   0   0   0   0  40   0   0   0   0   0   0 0.0  0.0  0.0
  35 1    C.2    C.ar.x   CN      COF 406          12.01   2.0 0.0 0.0 2.0 0.0 0.0  P    0.0 0.0   2    2      1    3     3        23  29  36   0   0   0   0  29  36  41   0   0   0   0 0.0  0.0  0.0
  36 1    C.2    C.2      CA      COF 406          12.01   1.9 0.0 0.0 1.9 0.1 0.0  H    0.0 0.0   1    2      1    3     2        35  38  37   0   0   0   0  41  43  42   0   0   0   0 0.0  0.0  0.0
  37 1    H      H        HA      COF 406           1.00   1.0 0.0 0.0 1.0 0.0 0.0  N    0.0 0.0   0    2      1    1     1        36   0   0   0   0   0   0  42   0   0   0   0   0   0 0.0  0.0  0.0
  38 1    C.2    C.ar.x   CN      COF 406          12.01   2.0 0.0 0.0 2.0 0.0 0.0  P    0.0 0.0   2    2      1    3     3        39  36  40   0   0   0   0  44  43  45   0   0   0   0 0.0  0.0  0.0
  39 1    N.am   N.ar     NA      COF 406          14.01   1.8 0.0 0.0 1.8 0.1 0.0  A    0.0 0.0   2    2      1    3     3        38  51   1   0   0   0   0  44  46   3   0   0   0   049.0 48.0  9.3
  40 1    C.2    C.ar     CB      COF 406          12.01   2.0 0.0 0.0 2.0 0.0 0.0  H    0.0 0.0   2    2      1    3     3        38  41  45   0   0   0   0  45  47  48   0   0   0   0 0.0  0.0  0.0
  41 1    C.2    C.2      CT      COF 406          12.01   1.9 0.0 0.0 1.9 0.4 0.0  H    0.0 0.0   0    2      1    4     1        40  42  43  44   0   0   0  47  49  50  51   0   0   0 0.0  0.0  0.0
  42 1    H      H        HC      COF 406           1.00   1.0 0.0 0.0 1.0 0.0 0.0  N    0.0 0.0   0    2      1    1     1        41   0   0   0   0   0   0  49   0   0   0   0   0   0 0.0  0.0  0.0
  43 1    H      H        HC      COF 406           1.00   1.0 0.0 0.0 1.0 0.0 0.0  N    0.0 0.0   0    2      1    1     1        41   0   0   0   0   0   0  50   0   0   0   0   0   0 0.0  0.0  0.0
  44 1    H      H        HC      COF 406           1.00   1.0 0.0 0.0 1.0 0.0 0.0  N    0.0 0.0   0    2      1    1     1        41   0   0   0   0   0   0  51   0   0   0   0   0   0 0.0  0.0  0.0
  45 1    C.2    C.ar     CB      COF 406          12.01   2.0 0.0 0.0 2.0 0.0 0.0  H    0.0 0.0   2    2      1    3     3        40  46  51   0   0   0   0  48  52  53   0   0   0   0 0.0  0.0  0.0
  46 1    C.2    C.2      CM      COF 406          12.01   1.9 0.0 0.0 1.9 0.1 0.0  H    0.0 0.0   0    2      1    3     2        45  48  47   0   0   0   0  52  55  54   0   0   0   0 0.0  0.0  0.0
  47 1    H      H        HC      COF 406           1.00   1.0 0.0 0.0 1.0 0.0 0.0  N    0.0 0.0   0    2      1    1     1        46   0   0   0   0   0   0  54   0   0   0   0   0   0 0.0  0.0  0.0
  48 1    C.2    C.2      CM      COF 406          12.01   1.9 0.0 0.0 1.9 0.4 0.0  H    0.0 0.0   0    2      1    3     1        46  49  50   0   0   0   0  55  56  57   0   0   0   0 0.0  0.0  0.0
  49 1    H      H        HC      COF 406           1.00   1.0 0.0 0.0 1.0 0.0 0.0  N    0.0 0.0   0    2      1    1     1        48   0   0   0   0   0   0  56   0   0   0   0   0   0 0.0  0.0  0.0
  50 1    H      H        HC      COF 406           1.00   1.0 0.0 0.0 1.0 0.0 0.0  N    0.0 0.0   0    2      1    1     1        48   0   0   0   0   0   0  57   0   0   0   0   0   0 0.0  0.0  0.0
  51 1    C.2    C.ar.x   CN      COF 406          12.01   2.0 0.0 0.0 2.0 0.0 0.0  P    0.0 0.0   2    2      1    3     3        39  45  52   0   0   0   0  46  53  58   0   0   0   0 0.0  0.0  0.0
  52 1    C.2    C.2      CA      COF 406          12.01   1.9 0.0 0.0 1.9 0.1 0.0  H    0.0 0.0   1    2      1    3     2        51  54  53   0   0   0   0  58  60  59   0   0   0   0 0.0  0.0  0.0
  53 1    H      H        HA      COF 406           1.00   1.0 0.0 0.0 1.0 0.0 0.0  N    0.0 0.0   0    2      1    1     1        52   0   0   0   0   0   0  59   0   0   0   0   0   0 0.0  0.0  0.0
  54 1    C.2    C.ar.x   CN      COF 406          12.01   2.0 0.0 0.0 2.0 0.0 0.0  P    0.0 0.0   2    2      1    3     3        55  52  56   0   0   0   0  61  60  62   0   0   0   0 0.0  0.0  0.0
  55 1    N.am   N.ar     NB      COF 406          14.01   1.8 0.0 0.0 1.8 0.1 0.0  A    0.0 0.0   2    2      1    3     3        54  62   1   0   0   0   0  61  63   4   0   0   0   046.6 46.9  9.0
  56 1    C.2    C.ar     CB      COF 406          12.01   2.0 0.0 0.0 2.0 0.0 0.0  H    0.0 0.0   2    2      1    3     3        54  57  61   0   0   0   0  62  64  65   0   0   0   0 0.0  0.0  0.0
  57 1    C.2    C.2      CT      COF 406          12.01   1.9 0.0 0.0 1.9 0.4 0.0  H    0.0 0.0   0    2      1    4     1        56  58  59  60   0   0   0  64  66  67  68   0   0   0 0.0  0.0  0.0
  58 1    H      H        HC      COF 406           1.00   1.0 0.0 0.0 1.0 0.0 0.0  N    0.0 0.0   0    2      1    1     1        57   0   0   0   0   0   0  66   0   0   0   0   0   0 0.0  0.0  0.0
  59 1    H      H        HC      COF 406           1.00   1.0 0.0 0.0 1.0 0.0 0.0  N    0.0 0.0   0    2      1    1     1        57   0   0   0   0   0   0  67   0   0   0   0   0   0 0.0  0.0  0.0
  60 1    H      H        HC      COF 406           1.00   1.0 0.0 0.0 1.0 0.0 0.0  N    0.0 0.0   0    2      1    1     1        57   0   0   0   0   0   0  68   0   0   0   0   0   0 0.0  0.0  0.0
  61 1    C.2    C.ar     CB      COF 406          12.01   2.0 0.0 0.0 2.0 0.0 0.0  H    0.0 0.0   2    2      1    3     3        56  62  65   0   0   0   0  65  69  70   0   0   0   0 0.0  0.0  0.0
  62 1    C.2    C.ar.x   CN      COF 406          12.01   2.0 0.0 0.0 2.0 0.0 0.0  P    0.0 0.0   2    2      1    3     3        55  61  63   0   0   0   0  63  69  71   0   0   0   0 0.0  0.0  0.0
  63 1    C.2    C.2      CA      COF 406          12.01   1.9 0.0 0.0 1.9 0.1 0.0  H    0.0 0.0   1    2      1    3     2         3  62  64   0   0   0   0   8  71  72   0   0   0   0 0.0  0.0  0.0
  64 1    H      H        HA      COF 406           1.00   1.0 0.0 0.0 1.0 0.0 0.0  N    0.0 0.0   0    2      1    1     1        63   0   0   0   0   0   0  72   0   0   0   0   0   0 0.0  0.0  0.0
  65 1    C.2    C.2      CT      COF 406          12.01   1.9 0.0 0.0 1.9 0.1 0.0  H    0.0 0.0   0    2      1    4     2        61  68  67  66   0   0   0  70  75  74  73   0   0   0 0.0  0.0  0.0
  66 1    H      H        HC      COF 406           1.00   1.0 0.0 0.0 1.0 0.0 0.0  N    0.0 0.0   0    2      1    1     1        65   0   0   0   0   0   0  73   0   0   0   0   0   0 0.0  0.0  0.0
  67 1    H      H        HC      COF 406           1.00   1.0 0.0 0.0 1.0 0.0 0.0  N    0.0 0.0   0    2      1    1     1        65   0   0   0   0   0   0  74   0   0   0   0   0   0 0.0  0.0  0.0
  68 1    C.2    C.2      CT      COF 406          12.01   1.9 0.0 0.0 1.9 0.1 0.0  H    0.0 0.0   0    2      1    4     2        65  71  70  69   0   0   0  75  78  77  76   0   0   0 0.0  0.0  0.0
  69 1    H      H        HC      COF 406           1.00   1.0 0.0 0.0 1.0 0.0 0.0  N    0.0 0.0   0    2      1    1     1        68   0   0   0   0   0   0  76   0   0   0   0   0   0 0.0  0.0  0.0
  70 1    H      H        HC      COF 406           1.00   1.0 0.0 0.0 1.0 0.0 0.0  N    0.0 0.0   0    2      1    1     1        68   0   0   0   0   0   0  77   0   0   0   0   0   0 0.0  0.0  0.0
  71 1    C.2    C.2.x    C       COF 406          12.01   1.9 0.0 0.0 1.9-0.3 0.0  P    0.0 0.0   0    2      1    3     3        72  73  68   0   0   0   0  79  80  78   0   0   0   0 0.0  0.0  0.0
  72 1    O.2    O.2      O2      COF 406          16.00   1.5 0.0 0.0 1.5-0.4 0.0  A    0.0 0.0   0    2      1    1     1        71   0   0   0   0   0   0  79   0   0   0   0   0   040.7 46.1  7.3
  73 1    O.2    O.2      O2      COF 406          16.00   1.5 0.0 0.0 1.5-0.4 0.0  A    0.0 0.0   0    2      1    1     1        71   0   0   0   0   0   0  80   0   0   0   0   0   040.7 46.1  7.3
Total number of bonds in this molecule =     80
id      valid  atom_1 atom_2  type  ring  part  num_neib  neib[0:5]
   1        1     1      2    1        1     1     5         2    3    4    5    6    0
   2        1     1     23    1        1     1     5         1    3    4   27   29    0
   3        1     1     39    1        1     1     5         1    2    4   44   46    0
   4        1     1     55    1        1     1     5         1    2    3   61   63    0
   5        1     2      3    ar       2     1     4         1    6    7    8    0    0
   6        1     2     19    ar       2     1     4         1    5   20   24    0    0
   7        1     3      4    ar       2     1     4         5    8    9   10    0    0
   8        1     3     63    ar       1     1     4         5    7   71   72    0    0
   9        1     4      5    1        0     1     5         7   10   11   12   13    0
  10        1     4     14    1        2     1     4         7    9   19   20    0    0
  11        1     5      6    1        0     1     3         9   12   13    0    0    0
  12        1     5      7    1        0     1     3         9   11   13    0    0    0
  13        1     5      8    1        0     1     6         9   11   12   14   15   16
  14        1     8      9    1        0     1     3        13   15   16    0    0    0
  15        1     8     10    1        0     1     3        13   14   16    0    0    0
  16        1     8     11    1        0     1     5        13   14   15   17   18    0
  17        1    11     12    1        0     1     2        16   18    0    0    0    0
  18        1    11     13    1        0     1     2        16   17    0    0    0    0
  19        1    14     15    1        0     1     5        10   20   21   22   23    0
  20        1    14     19    ar       2     1     4         6   10   19   24    0    0
  21        1    15     16    1        0     1     3        19   22   23    0    0    0
  22        1    15     17    1        0     1     3        19   21   23    0    0    0
  23        1    15     18    1        0     1     3        19   21   22    0    0    0
  24        1    19     20    ar       1     1     4         6   20   25   26    0    0
  25        1    20     21    1        0     1     2        24   26    0    0    0    0
  26        1    20     22    ar       1     1     4        24   25   27   28    0    0
  27        1    22     23    1        2     1     4         2   26   28   29    0    0
  28        1    22     24    ar       2     1     4        26   27   30   31    0    0
  29        1    23     35    1        2     1     4         2   27   36   41    0    0
  30        1    24     25    1        0     1     5        28   31   32   33   34    0
  31        1    24     29    1        2     1     4        28   30   35   36    0    0
  32        1    25     26    1        0     1     3        30   33   34    0    0    0
  33        1    25     27    1        0     1     3        30   32   34    0    0    0
  34        1    25     28    1        0     1     3        30   32   33    0    0    0
  35        1    29     30    1        0     1     4        31   36   37   38    0    0
  36        1    29     35    ar       2     1     4        29   31   35   41    0    0
  37        1    30     31    1        0     1     2        35   38    0    0    0    0
  38        1    30     32    1        0     1     4        35   37   39   40    0    0
  39        1    32     33    1        0     1     2        38   40    0    0    0    0
  40        1    32     34    1        0     1     2        38   39    0    0    0    0
  41        1    35     36    ar       1     1     4        29   36   42   43    0    0
  42        1    36     37    1        0     1     2        41   43    0    0    0    0
  43        1    36     38    ar       1     1     4        41   42   44   45    0    0
  44        1    38     39    ar       2     1     4         3   43   45   46    0    0
  45        1    38     40    ar       2     1     4        43   44   47   48    0    0
  46        1    39     51    ar       2     1     4         3   44   53   58    0    0
  47        1    40     41    1        0     1     5        45   48   49   50   51    0
  48        1    40     45    1        2     1     4        45   47   52   53    0    0
  49        1    41     42    1        0     1     3        47   50   51    0    0    0
  50        1    41     43    1        0     1     3        47   49   51    0    0    0
  51        1    41     44    1        0     1     3        47   49   50    0    0    0
  52        1    45     46    1        0     1     4        48   53   54   55    0    0
  53        1    45     51    ar       2     1     4        46   48   52   58    0    0
  54        1    46     47    1        0     1     2        52   55    0    0    0    0
  55        1    46     48    1        0     1     4        52   54   56   57    0    0
  56        1    48     49    1        0     1     2        55   57    0    0    0    0
  57        1    48     50    1        0     1     2        55   56    0    0    0    0
  58        1    51     52    ar       1     1     4        46   53   59   60    0    0
  59        1    52     53    1        0     1     2        58   60    0    0    0    0
  60        1    52     54    ar       1     1     4        58   59   61   62    0    0
  61        1    54     55    1        2     1     4         4   60   62   63    0    0
  62        1    54     56    ar       2     1     4        60   61   64   65    0    0
  63        1    55     62    1        2     1     4         4   61   69   71    0    0
  64        1    56     57    1        0     1     5        62   65   66   67   68    0
  65        1    56     61    1        2     1     4        62   64   69   70    0    0
  66        1    57     58    1        0     1     3        64   67   68    0    0    0
  67        1    57     59    1        0     1     3        64   66   68    0    0    0
  68        1    57     60    1        0     1     3        64   66   67    0    0    0
  69        1    61     62    ar       2     1     4        63   65   70   71    0    0
  70        1    61     65    1        0     1     5        65   69   73   74   75    0
  71        1    62     63    ar       1     1     4         8   63   69   72    0    0
  72        1    63     64    1        0     1     2         8   71    0    0    0    0
  73        1    65     66    1        0     1     3        70   74   75    0    0    0
  74        1    65     67    1        0     1     3        70   73   75    0    0    0
  75        1    65     68    1        0     1     6        70   73   74   76   77   78
  76        1    68     69    1        0     1     3        75   77   78    0    0    0
  77        1    68     70    1        0     1     3        75   76   78    0    0    0
  78        1    68     71    1        0     1     5        75   76   77   79   80    0
  79        1    71     72    1        0     1     2        78   80    0    0    0    0
  80        1    71     73    1        0     1     2        78   79    0    0    0    0
Total number of aromatic rings in this molecule =    4
id  vld. type size    atoms (first-last)  centroid
  1  1   2     5          2    19          47.2  43.2    9.0
  2  1   2     5         22    24          51.4  45.0    9.3
  3  1   2     5         38    40          49.5  49.2    9.5
  4  1   2     5         54    56          45.4  47.4    9.0
WARNING: 2531 atoms (out of 6455) in lig (protein) will be ignored. Note that nonpolar hydrogens are automatically ignored.
Scoring initial configuration
                              VDW    HB      HP    HM      HS     RT     SCORE
  1  C.2                     25.8   0.00   7.09    0.05  0.00    0.0     0.418
  2  C.2                     26.7   0.00   0.00    0.00  0.00    0.0     0.394
  3  C.2                     28.6   0.00   0.00    0.00  0.00    0.0     0.402
  4  C.2                     30.1   0.00  10.39    0.01 11.74    0.0     0.456
  5  C.2                     33.0   0.00  10.11    0.14 32.56    0.0     0.510
  6  C.2                     29.9   0.00   6.09    0.14 25.69    0.0     0.477
  7  C.2                     27.5   0.00   9.78    0.05  0.00    0.0     0.433
  8  C.2                     29.0   0.00  11.37    0.42 45.19    0.0     0.552
  9  C.2                     31.8   0.00  10.94    0.42 48.73    0.0     0.566
 10  C.2                     26.9   0.00   9.85    0.42 50.50    0.0     0.546
 11  O.2                     21.3   1.00   0.00    0.00  0.00    0.0     0.448
 12  O.2                     16.0   0.00   0.00    0.00  0.00    0.0     0.351
 13  H                        0.0   0.00   0.00    0.00  0.00    0.0     0.000
 14  H                        0.0   0.00   0.00    0.00  0.00    0.0     0.000
 15  H                        0.0   0.00   0.00    0.00  0.00    0.0     0.000
 16  H                        0.0   0.00   0.00    0.00  0.00    0.0     0.000
 17  H                        0.0   0.00   0.00    0.00  0.00    0.0     0.000
 18  H                        0.0   0.00   0.00    0.00  0.00    0.0     0.000
 19  H                        0.0   0.00   0.00    0.00  0.00    0.0     0.000
 20  H                        0.0   0.00   0.00    0.00  0.00    0.0     0.000
 21  H                        0.0   0.00   0.00    0.00  0.00    0.0     0.000
 22  H                        0.0   0.00   0.00    0.00  0.00    0.0     0.000
 23  H                        0.0   0.00   0.00    0.00  0.00    0.0     0.000
 24  H                        0.0   0.00   0.00    0.00  0.00    0.0     0.000
 25  H                        0.0   0.00   0.00    0.00  0.00    0.0     0.000
 26  H                        0.0   0.00   0.00    0.00  0.00    0.0     0.000
                            --------------------------------------------------
                            326.7   1.00   75.6    1.64 214.4    0.0     5.553
---------------------- Help for reading coordinate files ---------------------
Enter names of coordinate files (restart or trajectory) on separate lines
Terminate with EOF or period (.).
========================= List of defined calculations ========================
 1 X-Score calculation using   6805 atoms                      
----------------------------- Calculation results ----------------------------
file               frame  1:                              VDW    HB      HP    HM      HS     RT     SCORE
 
dc1.d...               1                             338.5   1.29   84.5    1.64 211.5    0.0     5.645
 
dc1.d...               2                             329.8   1.00   82.3    1.64 209.8    0.0     5.579
 
dc1.d...               3                             334.3   1.41   81.9    1.64 208.9    0.0     5.626
 
dc1.d...               4                             327.9   1.13   80.3    1.64 210.4    0.0     5.577
 
dc1.d...               5                             339.1   0.30   82.4    1.64 208.0    0.0     5.562
 
dc1.d...               6                             332.7   1.24   81.9    1.64 211.8    0.0     5.611
 
dc1.d...               7                             334.5   1.00   81.1    1.64 209.3    0.0     5.594
 
dc1.d...               8                             341.9   1.00   84.7    1.64 210.0    0.0     5.636
 
dc1.d...               9                             332.3   1.00   81.3    1.64 210.4    0.0     5.587
 
dc1.d...              10                             334.3   1.14   85.9    1.64 217.7    0.0     5.629
 
dc1.d...              11                             334.7   1.00   87.1    1.64 204.4    0.0     5.606
 
dc1.d...              12                             327.8   0.70   75.5    1.64 209.3    0.0     5.527
 
dc1.d...              13                             331.5   1.04   77.0    1.64 208.7    0.0     5.572
 
dc1.d...              14                             328.1   1.22   82.6    1.64 213.1    0.0     5.595
 
dc1.d...              15                             323.7   0.78   79.7    1.64 209.5    0.0     5.530
 
dc1.d...              16                             330.2   1.26   80.7    1.64 212.2    0.0     5.599
 
dc1.d...              17                             321.8   0.71   81.9    1.64 210.6    0.0     5.526
 
dc1.d...              18                             330.9   0.40   76.3    1.64 211.8    0.0     5.523
 
dc1.d...              19                             340.6   1.07   83.1    1.64 209.5    0.0     5.630
 
dc1.d...              20                             331.0   1.14   83.9    1.64 213.1    0.0     5.604
 
dc1.d...              21                             329.7   1.00   78.8    1.64 210.0    0.0     5.569
 
dc1.d...              22                             333.5   1.00   78.7    1.64 212.0    0.0     5.586
 
dc1.d...              23                             333.8   1.00   79.4    1.64 213.1    0.0     5.591
 
dc1.d...              24                             330.8   1.19   88.2    1.64 207.1    0.0     5.612
 
dc1.d...              25                             338.6   0.86   77.4    1.64 211.3    0.0     5.591
 
dc1.d...              26                             336.2   1.17   80.3    1.64 210.0    0.0     5.612
 
dc1.d...              27                             335.6   0.66   84.2    1.64 212.2    0.0     5.586
 
dc1.d...              28                             326.9   1.00   81.0    1.64 210.9    0.0     5.565
 
dc1.d...              29                             324.5   1.00   79.2    1.64 212.4    0.0     5.552
 
dc1.d...              30                             336.0   1.34   79.0    1.64 212.2    0.0     5.623
 
dc1.d...              31                             325.2   0.56   79.3    1.64 212.0    0.0     5.521
 
dc1.d...              32                             340.7   0.68   81.9    1.64 210.0    0.0     5.598
 
dc1.d...              33                             338.7   1.03   77.9    1.64 214.6    0.0     5.611
 
dc1.d...              34                             332.1   1.29   80.1    1.64 208.9    0.0     5.603
 
dc1.d...              35                             335.7   1.00   79.9    1.64 210.9    0.0     5.597
 
dc1.d...              36                             332.6   1.00   80.6    1.64 210.6    0.0     5.587
 
dc1.d...              37                             333.8   1.00   84.6    1.64 209.8    0.0     5.602
 
dc1.d...              38                             322.8   1.14   78.8    1.64 212.9    0.0     5.556
 
dc1.d...              39                             322.2   1.00   78.9    1.64 212.2    0.0     5.542
 
dc1.d...              40                             335.7   1.30   75.1    1.64 212.6    0.0     5.608
 
dc1.d...              41                             327.2   1.08   78.1    1.64 209.8    0.0     5.562
 
dc1.d...              42                             334.4   0.98   82.2    1.64 209.3    0.0     5.595
 
dc1.d...              43                             337.2   1.17   82.7    1.64 208.7    0.0     5.621
 
dc1.d...              44                             321.1   1.18   73.8    1.64 216.0    0.0     5.541
 
dc1.d...              45                             323.3   0.93   80.8    1.64 211.8    0.0     5.546
 
dc1.d...              46                             325.2   1.00   76.8    1.64 208.4    0.0     5.542
 
dc1.d...              47                             320.5   1.20   81.7    1.64 212.6    0.0     5.560
 
dc1.d...              48                             326.9   1.00   76.1    1.64 209.1    0.0     5.548
 
dc1.d...              49                             341.1   1.44   84.4    1.64 208.7    0.0     5.663
 
dc1.d...              50                             334.4   1.00   80.9    1.64 209.3    0.0     5.593
 
dc1.d...              51                             337.2   0.98   83.1    1.64 210.6    0.0     5.611
 
dc1.d...              52                             332.3   0.92   77.2    1.64 209.3    0.0     5.567
 
dc1.d...              53                             324.4   1.07   76.2    1.64 211.1    0.0     5.546
 
dc1.d...              54                             338.0   0.94   83.4    1.64 210.6    0.0     5.612
 
dc1.d...              55                             334.4   1.00   82.7    1.64 211.8    0.0     5.601
 
dc1.d...              56                             328.8   1.00   80.7    1.64 208.2    0.0     5.569
 
dc1.d...              57                             330.3   0.83   75.8    1.64 213.1    0.0     5.553
 
dc1.d...              58                             328.6   0.51   80.1    1.64 213.5    0.0     5.536
 
dc1.d...              59                             337.7   1.08   83.8    1.64 207.5    0.0     5.619
 
dc1.d...              60                             330.0   0.92   77.8    1.64 211.5    0.0     5.563
 
dc1.d...              61                             329.9   1.00   82.3    1.64 211.8    0.0     5.583
 
dc1.d...              62                             323.4   1.00   78.5    1.64 213.1    0.0     5.547
 
dc1.d...              63                             327.3   1.20   79.2    1.64 213.5    0.0     5.580
 
dc1.d...              64                             327.6   0.97   78.5    1.64 211.3    0.0     5.559
 
dc1.d...              65                             329.8   0.85   73.7    1.64 210.6    0.0     5.543
 
dc1.d...              66                             341.3   1.10   79.2    1.64 213.3    0.0     5.629
 
dc1.d...              67                             323.8   0.68   79.2    1.64 212.4    0.0     5.525
 
dc1.d...              68                             337.4   1.30   83.5    1.64 209.8    0.0     5.636
 
dc1.d...              69                             338.7   1.16   79.1    1.64 212.2    0.0     5.621
 
dc1.d...              70                             340.4   1.70   83.3    1.64 211.1    0.0     5.680
 
dc1.d...              71                             325.7   1.52   77.8    1.64 206.9    0.0     5.585
 
dc1.d...              72                             339.0   0.90   80.8    1.64 211.1    0.0     5.606
 
dc1.d...              73                             328.3   1.40   82.9    1.64 212.2    0.0     5.608
 
dc1.d...              74                             340.1   1.46   82.9    1.64 209.8    0.0     5.657
 
dc1.d...              75                             333.7   1.05   80.7    1.64 211.8    0.0     5.596
 
dc1.d...              76                             345.8   1.00   89.7    1.64 209.5    0.0     5.665
 
dc1.d...              77                             330.8   1.14   82.6    1.64 213.3    0.0     5.600
 
dc1.d...              78                             326.8   1.10   78.5    1.64 210.6    0.0     5.565
 
dc1.d...              79                             331.7   1.00   80.7    1.64 213.1    0.0     5.587
 
dc1.d...              80                             332.6   1.00   87.9    1.64 213.5    0.0     5.612
 
dc1.d...              81                             329.0   1.00   77.7    1.64 211.1    0.0     5.564
 
dc1.d...              82                             344.2   1.22   83.9    1.64 210.2    0.0     5.659
 
dc1.d...              83                             326.5   1.00   81.5    1.64 211.8    0.0     5.566
 
dc1.d...              84                             331.7   0.99   75.5    1.64 210.9    0.0     5.568
 
dc1.d...              85                             342.0   0.65   83.9    1.64 211.8    0.0     5.609
 
dc1.d...              86                             338.2   1.65   85.0    1.64 214.6    0.0     5.677
 
dc1.d...              87                             336.1   1.00   81.4    1.64 211.3    0.0     5.604
 
dc1.d...              88                             329.7   1.02   82.3    1.64 212.4    0.0     5.584
 
dc1.d...              89                             327.5   1.06   80.0    1.64 212.0    0.0     5.571
 
dc1.d...              90                             327.7   0.92   75.8    1.64 212.4    0.0     5.549
 
dc1.d...              91                             330.0   0.68   82.6    1.64 212.2    0.0     5.560
 
dc1.d...              92                             330.2   0.88   77.9    1.64 211.3    0.0     5.560
 
dc1.d...              93                             338.5   0.95   81.1    1.64 211.1    0.0     5.609
 
dc1.d...              94                             327.4   0.78   76.6    1.64 211.8    0.0     5.539
 
dc1.d...              95                             339.3   0.73   84.2    1.64 209.1    0.0     5.601
 
dc1.d...              96                             314.7   0.96   81.3    1.64 208.4    0.0     5.511
 
dc1.d...              97                             346.8   1.07   87.3    1.64 210.9    0.0     5.669
 
dc1.d...              98                             315.3   1.00   72.8    1.64 208.7    0.0     5.491
 
dc1.d...              99                             337.2   1.36   82.0    1.64 212.6    0.0     5.640
 
dc1.d...             100                             341.4   1.25   79.4    1.64 210.6    0.0     5.637
 
processed frames:  100        VDW    HB      HP    HM      HS     RT     SCORE
                            332.1   1.0    80.7   1.6   211.0    0.0      5.59
WARNING: There were  51 warnings.
